2017-04-09T14:44:14,777 [Thread-2] INFO vladlitvin.action.PassengerTransporter - passanger 9 get off the bus № 46
2017-04-09T14:44:14,777 [Thread-3] INFO vladlitvin.action.PassengerTransporter - passanger 6 get off the bus № 24
2017-04-09T14:44:14,783 [Thread-2] INFO vladlitvin.action.PassengerTransporter - passanger 7 get off the bus № 46
2017-04-09T14:44:15,787 [Thread-3] INFO vladlitvin.action.PassengerTransporter - passanger 11 get on the  bus № 24
2017-04-09T14:44:15,788 [Thread-2] INFO vladlitvin.action.PassengerTransporter - passanger 12 get on the  bus № 46
2017-04-09T14:44:15,788 [Thread-3] INFO vladlitvin.action.PassengerTransporter - passanger 13 get on the  bus № 24
2017-04-09T14:44:18,788 [Thread-1] INFO vladlitvin.entity.Station - Bus № 53 left with the station Мирошниченко
2017-04-09T14:44:18,788 [Thread-5] INFO vladlitvin.entity.Station - Bus № 33 left with the station Мирошниченко
2017-04-09T14:44:19,791 [Thread-3] INFO vladlitvin.entity.Station - Bus № 24 left with the station Цнянское водохранилище
2017-04-09T14:44:19,791 [Thread-4] INFO vladlitvin.entity.Station - Bus № 34 left with the station Цнянское водохранилище
2017-04-09T14:44:19,791 [Thread-2] INFO vladlitvin.entity.Station - Bus № 46 left with the station Цнянское водохранилище
2017-04-09T14:44:19,791 [Thread-5] INFO vladlitvin.entity.Station - Bus № 33 arrived at the station Цнянское водохранилище
2017-04-09T14:44:19,791 [Thread-1] INFO vladlitvin.entity.Station - Bus № 53 arrived at the station Цнянское водохранилище
2017-04-09T14:44:19,791 [Thread-1] INFO vladlitvin.action.PassengerTransporter - passanger 3 get off the bus № 53
2017-04-09T14:44:19,791 [Thread-1] INFO vladlitvin.action.PassengerTransporter - passanger 4 get off the bus № 53
2017-04-09T14:44:20,793 [Thread-1] INFO vladlitvin.action.PassengerTransporter - passanger 14 get on the  bus № 53
2017-04-09T14:44:20,793 [Thread-2] INFO vladlitvin.entity.Station - Bus № 46 arrived at the station Гамарника
2017-04-09T14:44:20,793 [Thread-4] INFO vladlitvin.entity.Station - Bus № 34 arrived at the station Гамарника
2017-04-09T14:44:20,793 [Thread-3] INFO vladlitvin.entity.Station - Bus № 24 arrived at the station Гамарника
2017-04-09T14:44:20,793 [Thread-1] INFO vladlitvin.action.PassengerTransporter - passanger 15 get on the  bus № 53
2017-04-09T14:44:20,793 [Thread-3] INFO vladlitvin.action.PassengerTransporter - passanger 13 get off the bus № 24
2017-04-09T14:44:20,793 [Thread-4] INFO vladlitvin.action.PassengerTransporter - passanger 0 get off the bus № 34
2017-04-09T14:44:20,793 [Thread-1] INFO vladlitvin.action.PassengerTransporter - passanger 16 get on the  bus № 53
2017-04-09T14:44:21,794 [Thread-4] INFO vladlitvin.action.PassengerTransporter - passanger 17 get on the  bus № 34
2017-04-09T14:44:21,794 [Thread-2] INFO vladlitvin.action.PassengerTransporter - passanger 18 get on the  bus № 46
2017-04-09T14:44:21,794 [Thread-2] INFO vladlitvin.action.PassengerTransporter - passanger 19 get on the  bus № 46
2017-04-09T14:44:24,797 [Thread-1] INFO vladlitvin.entity.Station - Bus № 53 left with the station Цнянское водохранилище
2017-04-09T14:44:24,797 [Thread-5] INFO vladlitvin.entity.Station - Bus № 33 left with the station Цнянское водохранилище
2017-04-09T14:44:25,798 [Thread-4] INFO vladlitvin.entity.Station - Bus № 34 left with the station Гамарника
2017-04-09T14:44:25,798 [Thread-3] INFO vladlitvin.entity.Station - Bus № 24 left with the station Гамарника
2017-04-09T14:44:25,798 [Thread-2] INFO vladlitvin.entity.Station - Bus № 46 left with the station Гамарника
2017-04-09T14:44:25,798 [Thread-1] INFO vladlitvin.entity.Station - Bus № 53 arrived at the station Гамарника
2017-04-09T14:44:25,798 [Thread-5] INFO vladlitvin.entity.Station - Bus № 33 arrived at the station Гамарника
2017-04-09T14:44:25,798 [Thread-1] INFO vladlitvin.action.PassengerTransporter - passanger 16 get off the bus № 53
2017-04-09T14:44:26,813 [Thread-5] INFO vladlitvin.action.PassengerTransporter - passanger 20 get on the  bus № 33
2017-04-09T14:44:26,813 [Thread-2] INFO vladlitvin.entity.Station - Bus № 46 arrived at the station Кольцова
2017-04-09T14:44:26,813 [Thread-3] INFO vladlitvin.entity.Station - Bus № 24 arrived at the station Кольцова
2017-04-09T14:44:26,813 [Thread-4] INFO vladlitvin.entity.Station - Bus № 34 arrived at the station Кольцова
2017-04-09T14:44:26,813 [Thread-4] INFO vladlitvin.action.PassengerTransporter - passanger 2 get off the bus № 34
2017-04-09T14:44:27,828 [Thread-2] INFO vladlitvin.action.PassengerTransporter - passanger 21 get on the  bus № 46
2017-04-09T14:44:27,828 [Thread-4] INFO vladlitvin.action.PassengerTransporter - passanger 22 get on the  bus № 34
2017-04-09T14:44:27,828 [Thread-3] INFO vladlitvin.action.PassengerTransporter - passanger 23 get on the  bus № 24
2017-04-09T14:44:30,819 [Thread-5] INFO vladlitvin.entity.Station - Bus № 33 left with the station Гамарника
2017-04-09T14:44:30,819 [Thread-1] INFO vladlitvin.entity.Station - Bus № 53 left with the station Гамарника
2017-04-09T14:44:31,829 [Thread-3] INFO vladlitvin.entity.Station - Bus № 24 left with the station Кольцова
2017-04-09T14:44:31,829 [Thread-2] INFO vladlitvin.entity.Station - Bus № 46 left with the station Кольцова
2017-04-09T14:44:31,829 [Thread-4] INFO vladlitvin.entity.Station - Bus № 34 left with the station Кольцова
2017-04-09T14:44:31,829 [Thread-1] INFO vladlitvin.entity.Station - Bus № 53 arrived at the station Кольцова
2017-04-09T14:44:31,829 [Thread-5] INFO vladlitvin.entity.Station - Bus № 33 arrived at the station Кольцова
2017-04-09T14:44:32,837 [Thread-3] INFO vladlitvin.entity.Station - Bus № 24 arrived at the station Никитино
2017-04-09T14:44:32,837 [Thread-2] INFO vladlitvin.entity.Station - Bus № 46 arrived at the station Никитино
2017-04-09T14:44:32,837 [Thread-4] INFO vladlitvin.entity.Station - Bus № 34 arrived at the station Никитино
2017-04-09T14:44:32,838 [Thread-3] INFO vladlitvin.action.PassengerTransporter - passanger 8 get off the bus № 24
2017-04-09T14:44:32,838 [Thread-2] INFO vladlitvin.action.PassengerTransporter - passanger 18 get off the bus № 46
2017-04-09T14:44:32,838 [Thread-3] INFO vladlitvin.action.PassengerTransporter - passanger 11 get off the bus № 24
2017-04-09T14:44:33,838 [Thread-2] INFO vladlitvin.action.PassengerTransporter - passanger 24 get on the  bus № 46
2017-04-09T14:44:33,838 [Thread-4] INFO vladlitvin.action.PassengerTransporter - passanger 25 get on the  bus № 34
2017-04-09T14:44:36,843 [Thread-1] INFO vladlitvin.entity.Station - Bus № 53 left with the station Кольцова
2017-04-09T14:44:36,843 [Thread-5] INFO vladlitvin.entity.Station - Bus № 33 left with the station Кольцова
2017-04-09T14:44:37,838 [Thread-2] INFO vladlitvin.entity.Station - Bus № 46 left with the station Никитино
2017-04-09T14:44:37,838 [Thread-3] INFO vladlitvin.entity.Station - Bus № 24 left with the station Никитино
2017-04-09T14:44:37,854 [Thread-4] INFO vladlitvin.entity.Station - Bus № 34 left with the station Никитино
2017-04-09T14:44:37,854 [Thread-5] INFO vladlitvin.entity.Station - Bus № 33 arrived at the station Никитино
2017-04-09T14:44:37,854 [Thread-1] INFO vladlitvin.entity.Station - Bus № 53 arrived at the station Никитино
2017-04-09T14:44:37,854 [Thread-5] INFO vladlitvin.action.PassengerTransporter - passanger 10 get off the bus № 33
2017-04-09T14:44:37,854 [Thread-1] INFO vladlitvin.action.PassengerTransporter - passanger 14 get off the bus № 53
2017-04-09T14:44:38,845 [Thread-2] INFO vladlitvin.entity.Bus - Bus № 46 finished route
2017-04-09T14:44:38,845 [Thread-3] INFO vladlitvin.entity.Bus - Bus № 24 finished route
2017-04-09T14:44:38,861 [Thread-4] INFO vladlitvin.entity.Bus - Bus № 34 finished route
2017-04-09T14:44:38,861 [Thread-5] INFO vladlitvin.action.PassengerTransporter - passanger 26 get on the  bus № 33
2017-04-09T14:44:38,861 [Thread-1] INFO vladlitvin.action.PassengerTransporter - passanger 27 get on the  bus № 53
2017-04-09T14:44:38,861 [Thread-5] INFO vladlitvin.action.PassengerTransporter - passanger 28 get on the  bus № 33
2017-04-09T14:44:42,864 [Thread-5] INFO vladlitvin.entity.Station - Bus № 33 left with the station Никитино
2017-04-09T14:44:42,864 [Thread-1] INFO vladlitvin.entity.Station - Bus № 53 left with the station Никитино
2017-04-09T14:44:43,879 [Thread-5] INFO vladlitvin.entity.Bus - Bus № 33 finished route
2017-04-09T14:44:43,879 [Thread-1] INFO vladlitvin.entity.Bus - Bus № 53 finished route
2017-04-09T14:56:01,932 [Thread-5] INFO vladlitvin.entity.Bus - Bus № 33 Started move on rout: Зелёный луг-7 -- Никитино
2017-04-09T14:56:01,932 [Thread-1] INFO vladlitvin.entity.Bus - Bus № 53 Started move on rout: Зелёный луг-7 -- Никитино
2017-04-09T14:56:01,932 [Thread-4] INFO vladlitvin.entity.Bus - Bus № 34 Started move on rout: Зелёный луг-7 -- Никитино
2017-04-09T14:56:01,932 [Thread-2] INFO vladlitvin.entity.Bus - Bus № 46 Started move on rout: Зелёный луг-7 -- Никитино
2017-04-09T14:56:01,932 [Thread-3] INFO vladlitvin.entity.Bus - Bus № 24 Started move on rout: Зелёный луг-7 -- Никитино
2017-04-09T14:56:01,954 [Thread-4] INFO vladlitvin.entity.Station - Bus № 34 arrived at the station Зелёный луг-7
2017-04-09T14:56:01,954 [Thread-2] INFO vladlitvin.entity.Station - Bus № 46 arrived at the station Зелёный луг-7
2017-04-09T14:56:01,954 [Thread-3] INFO vladlitvin.entity.Station - Bus № 24 arrived at the station Зелёный луг-7
2017-04-09T14:56:02,955 [Thread-4] INFO vladlitvin.action.PassengerTransporter - passanger 0 get on the  bus № 34
2017-04-09T14:56:02,956 [Thread-3] INFO vladlitvin.action.PassengerTransporter - passanger 1 get on the  bus № 24
2017-04-09T14:56:02,956 [Thread-2] INFO vladlitvin.action.PassengerTransporter - passanger 2 get on the  bus № 46
2017-04-09T14:56:02,956 [Thread-4] INFO vladlitvin.action.PassengerTransporter - passanger 3 get on the  bus № 34
2017-04-09T14:56:06,961 [Thread-2] INFO vladlitvin.entity.Station - Bus № 46 left with the station Зелёный луг-7
2017-04-09T14:56:06,961 [Thread-3] INFO vladlitvin.entity.Station - Bus № 24 left with the station Зелёный луг-7
2017-04-09T14:56:06,961 [Thread-4] INFO vladlitvin.entity.Station - Bus № 34 left with the station Зелёный луг-7
2017-04-09T14:56:06,961 [Thread-5] INFO vladlitvin.entity.Station - Bus № 33 arrived at the station Зелёный луг-7
2017-04-09T14:56:06,961 [Thread-1] INFO vladlitvin.entity.Station - Bus № 53 arrived at the station Зелёный луг-7
2017-04-09T14:56:07,961 [Thread-3] INFO vladlitvin.entity.Station - Bus № 24 arrived at the station Мирошниченко
2017-04-09T14:56:07,961 [Thread-4] INFO vladlitvin.entity.Station - Bus № 34 arrived at the station Мирошниченко
2017-04-09T14:56:07,961 [Thread-1] INFO vladlitvin.action.PassengerTransporter - passanger 4 get on the  bus № 53
2017-04-09T14:56:07,961 [Thread-2] INFO vladlitvin.entity.Station - Bus № 46 arrived at the station Мирошниченко
2017-04-09T14:56:07,961 [Thread-4] INFO vladlitvin.action.PassengerTransporter - passanger 0 get off the bus № 34
2017-04-09T14:56:07,961 [Thread-5] INFO vladlitvin.action.PassengerTransporter - passanger 5 get on the  bus № 33
2017-04-09T14:56:07,961 [Thread-4] INFO vladlitvin.action.PassengerTransporter - passanger 3 get off the bus № 34
2017-04-09T14:56:07,961 [Thread-5] INFO vladlitvin.action.PassengerTransporter - passanger 6 get on the  bus № 33
2017-04-09T14:56:08,965 [Thread-2] INFO vladlitvin.action.PassengerTransporter - passanger 7 get on the  bus № 46
2017-04-09T14:56:11,975 [Thread-1] INFO vladlitvin.entity.Station - Bus № 53 left with the station Зелёный луг-7
2017-04-09T14:56:11,975 [Thread-5] INFO vladlitvin.entity.Station - Bus № 33 left with the station Зелёный луг-7
2017-04-09T14:56:12,975 [Thread-2] INFO vladlitvin.entity.Station - Bus № 46 left with the station Мирошниченко
2017-04-09T14:56:12,975 [Thread-4] INFO vladlitvin.entity.Station - Bus № 34 left with the station Мирошниченко
2017-04-09T14:56:12,975 [Thread-3] INFO vladlitvin.entity.Station - Bus № 24 left with the station Мирошниченко
2017-04-09T14:56:12,990 [Thread-1] INFO vladlitvin.entity.Station - Bus № 53 arrived at the station Мирошниченко
2017-04-09T14:56:12,990 [Thread-5] INFO vladlitvin.entity.Station - Bus № 33 arrived at the station Мирошниченко
2017-04-09T14:56:13,975 [Thread-2] INFO vladlitvin.entity.Station - Bus № 46 arrived at the station Цнянское водохранилище
2017-04-09T14:56:13,975 [Thread-4] INFO vladlitvin.entity.Station - Bus № 34 arrived at the station Цнянское водохранилище
2017-04-09T14:56:13,975 [Thread-3] INFO vladlitvin.entity.Station - Bus № 24 arrived at the station Цнянское водохранилище
2017-04-09T14:56:13,975 [Thread-2] INFO vladlitvin.action.PassengerTransporter - passanger 7 get off the bus № 46
2017-04-09T14:56:13,991 [Thread-5] INFO vladlitvin.action.PassengerTransporter - passanger 8 get on the  bus № 33
2017-04-09T14:56:13,991 [Thread-1] INFO vladlitvin.action.PassengerTransporter - passanger 9 get on the  bus № 53
2017-04-09T14:56:13,991 [Thread-1] INFO vladlitvin.action.PassengerTransporter - passanger 10 get on the  bus № 53
2017-04-09T14:56:14,980 [Thread-2] INFO vladlitvin.action.PassengerTransporter - passanger 11 get on the  bus № 46
2017-04-09T14:56:14,980 [Thread-4] INFO vladlitvin.action.PassengerTransporter - passanger 12 get on the  bus № 34
2017-04-09T14:56:14,980 [Thread-2] INFO vladlitvin.action.PassengerTransporter - passanger 13 get on the  bus № 46
2017-04-09T14:56:14,980 [Thread-4] INFO vladlitvin.action.PassengerTransporter - passanger 14 get on the  bus № 34
2017-04-09T14:56:17,991 [Thread-1] INFO vladlitvin.entity.Station - Bus № 53 left with the station Мирошниченко
2017-04-09T14:56:17,991 [Thread-5] INFO vladlitvin.entity.Station - Bus № 33 left with the station Мирошниченко
2017-04-09T14:56:18,982 [Thread-2] INFO vladlitvin.entity.Station - Bus № 46 left with the station Цнянское водохранилище
2017-04-09T14:56:18,982 [Thread-4] INFO vladlitvin.entity.Station - Bus № 34 left with the station Цнянское водохранилище
2017-04-09T14:56:18,982 [Thread-3] INFO vladlitvin.entity.Station - Bus № 24 left with the station Цнянское водохранилище
2017-04-09T14:56:18,994 [Thread-1] INFO vladlitvin.entity.Station - Bus № 53 arrived at the station Цнянское водохранилище
2017-04-09T14:56:18,994 [Thread-5] INFO vladlitvin.entity.Station - Bus № 33 arrived at the station Цнянское водохранилище
2017-04-09T14:56:18,994 [Thread-1] INFO vladlitvin.action.PassengerTransporter - passanger 9 get off the bus № 53
2017-04-09T14:56:19,985 [Thread-2] INFO vladlitvin.entity.Station - Bus № 46 arrived at the station Гамарника
2017-04-09T14:56:19,985 [Thread-4] INFO vladlitvin.entity.Station - Bus № 34 arrived at the station Гамарника
2017-04-09T14:56:19,985 [Thread-3] INFO vladlitvin.entity.Station - Bus № 24 arrived at the station Гамарника
2017-04-09T14:56:19,985 [Thread-2] INFO vladlitvin.action.PassengerTransporter - passanger 11 get off the bus № 46
2017-04-09T14:56:19,985 [Thread-3] INFO vladlitvin.action.PassengerTransporter - passanger 1 get off the bus № 24
2017-04-09T14:56:19,997 [Thread-1] INFO vladlitvin.action.PassengerTransporter - passanger 15 get on the  bus № 53
2017-04-09T14:56:19,997 [Thread-5] INFO vladlitvin.action.PassengerTransporter - passanger 16 get on the  bus № 33
2017-04-09T14:56:20,985 [Thread-3] INFO vladlitvin.action.PassengerTransporter - passanger 17 get on the  bus № 24
2017-04-09T14:56:20,985 [Thread-2] INFO vladlitvin.action.PassengerTransporter - passanger 18 get on the  bus № 46
2017-04-09T14:56:20,985 [Thread-4] INFO vladlitvin.action.PassengerTransporter - passanger 19 get on the  bus № 34
2017-04-09T14:56:20,985 [Thread-3] INFO vladlitvin.action.PassengerTransporter - passanger 20 get on the  bus № 24
2017-04-09T14:56:20,986 [Thread-3] INFO vladlitvin.action.PassengerTransporter - passanger 21 get on the  bus № 24
2017-04-09T14:56:23,998 [Thread-5] INFO vladlitvin.entity.Station - Bus № 33 left with the station Цнянское водохранилище
2017-04-09T14:56:23,998 [Thread-1] INFO vladlitvin.entity.Station - Bus № 53 left with the station Цнянское водохранилище
2017-04-09T14:56:24,999 [Thread-3] INFO vladlitvin.entity.Station - Bus № 24 left with the station Гамарника
2017-04-09T14:56:24,999 [Thread-4] INFO vladlitvin.entity.Station - Bus № 34 left with the station Гамарника
2017-04-09T14:56:24,999 [Thread-2] INFO vladlitvin.entity.Station - Bus № 46 left with the station Гамарника
2017-04-09T14:56:24,999 [Thread-1] INFO vladlitvin.entity.Station - Bus № 53 arrived at the station Гамарника
2017-04-09T14:56:24,999 [Thread-5] INFO vladlitvin.entity.Station - Bus № 33 arrived at the station Гамарника
2017-04-09T14:56:24,999 [Thread-1] INFO vladlitvin.action.PassengerTransporter - passanger 10 get off the bus № 53
2017-04-09T14:56:26,006 [Thread-4] INFO vladlitvin.entity.Station - Bus № 34 arrived at the station Кольцова
2017-04-09T14:56:26,006 [Thread-2] INFO vladlitvin.entity.Station - Bus № 46 arrived at the station Кольцова
2017-04-09T14:56:26,006 [Thread-3] INFO vladlitvin.entity.Station - Bus № 24 arrived at the station Кольцова
2017-04-09T14:56:26,006 [Thread-4] INFO vladlitvin.action.PassengerTransporter - passanger 12 get off the bus № 34
2017-04-09T14:56:26,006 [Thread-3] INFO vladlitvin.action.PassengerTransporter - passanger 21 get off the bus № 24
2017-04-09T14:56:26,006 [Thread-4] INFO vladlitvin.action.PassengerTransporter - passanger 14 get off the bus № 34
2017-04-09T14:56:26,006 [Thread-3] INFO vladlitvin.action.PassengerTransporter - passanger 17 get off the bus № 24
2017-04-09T14:56:27,006 [Thread-3] INFO vladlitvin.action.PassengerTransporter - passanger 22 get on the  bus № 24
2017-04-09T14:56:27,006 [Thread-2] INFO vladlitvin.action.PassengerTransporter - passanger 23 get on the  bus № 46
2017-04-09T14:56:27,006 [Thread-4] INFO vladlitvin.action.PassengerTransporter - passanger 24 get on the  bus № 34
2017-04-09T14:56:27,006 [Thread-3] INFO vladlitvin.action.PassengerTransporter - passanger 25 get on the  bus № 24
2017-04-09T14:56:27,006 [Thread-2] INFO vladlitvin.action.PassengerTransporter - passanger 26 get on the  bus № 46
2017-04-09T14:56:27,006 [Thread-4] INFO vladlitvin.action.PassengerTransporter - passanger 27 get on the  bus № 34
2017-04-09T14:56:30,011 [Thread-1] INFO vladlitvin.entity.Station - Bus № 53 left with the station Гамарника
2017-04-09T14:56:30,011 [Thread-5] INFO vladlitvin.entity.Station - Bus № 33 left with the station Гамарника
2017-04-09T14:56:31,015 [Thread-3] INFO vladlitvin.entity.Station - Bus № 24 left with the station Кольцова
2017-04-09T14:56:31,015 [Thread-2] INFO vladlitvin.entity.Station - Bus № 46 left with the station Кольцова
2017-04-09T14:56:31,015 [Thread-4] INFO vladlitvin.entity.Station - Bus № 34 left with the station Кольцова
2017-04-09T14:56:31,015 [Thread-5] INFO vladlitvin.entity.Station - Bus № 33 arrived at the station Кольцова
2017-04-09T14:56:31,015 [Thread-1] INFO vladlitvin.entity.Station - Bus № 53 arrived at the station Кольцова
2017-04-09T14:56:31,015 [Thread-5] INFO vladlitvin.action.PassengerTransporter - passanger 8 get off the bus № 33
2017-04-09T14:56:31,015 [Thread-5] INFO vladlitvin.action.PassengerTransporter - passanger 5 get off the bus № 33
2017-04-09T14:56:31,015 [Thread-5] INFO vladlitvin.action.PassengerTransporter - passanger 16 get off the bus № 33
2017-04-09T14:56:32,030 [Thread-3] INFO vladlitvin.entity.Station - Bus № 24 arrived at the station Никитино
2017-04-09T14:56:32,030 [Thread-1] INFO vladlitvin.action.PassengerTransporter - passanger 28 get on the  bus № 53
2017-04-09T14:56:32,030 [Thread-2] INFO vladlitvin.entity.Station - Bus № 46 arrived at the station Никитино
2017-04-09T14:56:32,030 [Thread-4] INFO vladlitvin.entity.Station - Bus № 34 arrived at the station Никитино
2017-04-09T14:56:32,030 [Thread-3] INFO vladlitvin.action.PassengerTransporter - passanger 22 get off the bus № 24
2017-04-09T14:56:32,030 [Thread-4] INFO vladlitvin.action.PassengerTransporter - passanger 27 get off the bus № 34
2017-04-09T14:56:32,030 [Thread-2] INFO vladlitvin.action.PassengerTransporter - passanger 13 get off the bus № 46
2017-04-09T14:56:32,030 [Thread-2] INFO vladlitvin.action.PassengerTransporter - passanger 23 get off the bus № 46
2017-04-09T14:56:32,030 [Thread-2] INFO vladlitvin.action.PassengerTransporter - passanger 18 get off the bus № 46
2017-04-09T14:56:33,038 [Thread-3] INFO vladlitvin.action.PassengerTransporter - passanger 29 get on the  bus № 24
2017-04-09T14:56:33,038 [Thread-2] INFO vladlitvin.action.PassengerTransporter - passanger 30 get on the  bus № 46
2017-04-09T14:56:36,033 [Thread-1] INFO vladlitvin.entity.Station - Bus № 53 left with the station Кольцова
2017-04-09T14:56:36,033 [Thread-5] INFO vladlitvin.entity.Station - Bus № 33 left with the station Кольцова
2017-04-09T14:56:37,040 [Thread-2] INFO vladlitvin.entity.Station - Bus № 46 left with the station Никитино
2017-04-09T14:56:37,040 [Thread-4] INFO vladlitvin.entity.Station - Bus № 34 left with the station Никитино
2017-04-09T14:56:37,040 [Thread-3] INFO vladlitvin.entity.Station - Bus № 24 left with the station Никитино
2017-04-09T14:56:37,040 [Thread-1] INFO vladlitvin.entity.Station - Bus № 53 arrived at the station Никитино
2017-04-09T14:56:37,040 [Thread-5] INFO vladlitvin.entity.Station - Bus № 33 arrived at the station Никитино
2017-04-09T14:56:37,040 [Thread-1] INFO vladlitvin.action.PassengerTransporter - passanger 4 get off the bus № 53
2017-04-09T14:56:37,040 [Thread-1] INFO vladlitvin.action.PassengerTransporter - passanger 28 get off the bus № 53
2017-04-09T14:56:38,043 [Thread-4] INFO vladlitvin.entity.Bus - Bus № 34 finished route
2017-04-09T14:56:38,043 [Thread-2] INFO vladlitvin.entity.Bus - Bus № 46 finished route
2017-04-09T14:56:38,043 [Thread-3] INFO vladlitvin.entity.Bus - Bus № 24 finished route
2017-04-09T14:56:38,043 [Thread-5] INFO vladlitvin.action.PassengerTransporter - passanger 31 get on the  bus № 33
2017-04-09T14:56:38,043 [Thread-1] INFO vladlitvin.action.PassengerTransporter - passanger 32 get on the  bus № 53
2017-04-09T14:56:38,043 [Thread-5] INFO vladlitvin.action.PassengerTransporter - passanger 33 get on the  bus № 33
2017-04-09T14:56:38,043 [Thread-5] INFO vladlitvin.action.PassengerTransporter - passanger 34 get on the  bus № 33
2017-04-09T14:56:42,043 [Thread-5] INFO vladlitvin.entity.Station - Bus № 33 left with the station Никитино
2017-04-09T14:56:42,043 [Thread-1] INFO vladlitvin.entity.Station - Bus № 53 left with the station Никитино
2017-04-09T14:56:43,044 [Thread-5] INFO vladlitvin.entity.Bus - Bus № 33 finished route
2017-04-09T14:56:43,044 [Thread-1] INFO vladlitvin.entity.Bus - Bus № 53 finished route
2017-04-09T15:18:26,353 [Thread-1] INFO vladlitvin.entity.Bus - Bus № 53 Started move on rout: Зелёный луг-7 -- Никитино
2017-04-09T15:18:26,353 [Thread-3] INFO vladlitvin.entity.Bus - Bus № 24 Started move on rout: Зелёный луг-7 -- Никитино
2017-04-09T15:18:26,353 [Thread-5] INFO vladlitvin.entity.Bus - Bus № 33 Started move on rout: Зелёный луг-7 -- Никитино
2017-04-09T15:18:26,353 [Thread-4] INFO vladlitvin.entity.Bus - Bus № 34 Started move on rout: Зелёный луг-7 -- Никитино
2017-04-09T15:18:26,353 [Thread-2] INFO vladlitvin.entity.Bus - Bus № 46 Started move on rout: Зелёный луг-7 -- Никитино
2017-04-09T15:18:26,376 [Thread-2] INFO vladlitvin.entity.Station - Bus № 46 arrived at the station Зелёный луг-7
2017-04-09T15:18:26,376 [Thread-5] INFO vladlitvin.entity.Station - Bus № 33 arrived at the station Зелёный луг-7
2017-04-09T15:18:26,376 [Thread-1] INFO vladlitvin.entity.Station - Bus № 53 arrived at the station Зелёный луг-7
2017-04-09T15:18:27,376 [Thread-5] INFO vladlitvin.action.PassengerTransporter - passanger 0 get on the  bus № 33
2017-04-09T15:18:27,377 [Thread-1] INFO vladlitvin.action.PassengerTransporter - passanger 1 get on the  bus № 53
2017-04-09T15:18:27,377 [Thread-5] INFO vladlitvin.action.PassengerTransporter - passanger 2 get on the  bus № 33
2017-04-09T15:18:27,377 [Thread-1] INFO vladlitvin.action.PassengerTransporter - passanger 3 get on the  bus № 53
2017-04-09T15:18:27,377 [Thread-1] INFO vladlitvin.action.PassengerTransporter - passanger 4 get on the  bus № 53
2017-04-09T15:18:31,387 [Thread-1] INFO vladlitvin.entity.Station - Bus № 53 left with the station Зелёный луг-7
2017-04-09T15:18:31,387 [Thread-5] INFO vladlitvin.entity.Station - Bus № 33 left with the station Зелёный луг-7
2017-04-09T15:18:31,387 [Thread-2] INFO vladlitvin.entity.Station - Bus № 46 left with the station Зелёный луг-7
2017-04-09T15:18:31,387 [Thread-4] INFO vladlitvin.entity.Station - Bus № 34 arrived at the station Зелёный луг-7
2017-04-09T15:18:31,387 [Thread-3] INFO vladlitvin.entity.Station - Bus № 24 arrived at the station Зелёный луг-7
2017-04-09T15:18:32,398 [Thread-5] INFO vladlitvin.entity.Station - Bus № 33 arrived at the station Мирошниченко
2017-04-09T15:18:32,398 [Thread-4] INFO vladlitvin.action.PassengerTransporter - passanger 5 get on the  bus № 34
2017-04-09T15:18:32,398 [Thread-2] INFO vladlitvin.entity.Station - Bus № 46 arrived at the station Мирошниченко
2017-04-09T15:18:32,398 [Thread-1] INFO vladlitvin.entity.Station - Bus № 53 arrived at the station Мирошниченко
2017-04-09T15:18:32,398 [Thread-3] INFO vladlitvin.action.PassengerTransporter - passanger 6 get on the  bus № 24
2017-04-09T15:18:32,398 [Thread-3] INFO vladlitvin.action.PassengerTransporter - passanger 7 get on the  bus № 24
2017-04-09T15:18:33,399 [Thread-2] INFO vladlitvin.action.PassengerTransporter - passanger 8 get on the  bus № 46
2017-04-09T15:18:33,399 [Thread-5] INFO vladlitvin.action.PassengerTransporter - passanger 9 get on the  bus № 33
2017-04-09T15:18:33,399 [Thread-1] INFO vladlitvin.action.PassengerTransporter - passanger 10 get on the  bus № 53
2017-04-09T15:18:33,399 [Thread-2] INFO vladlitvin.action.PassengerTransporter - passanger 11 get on the  bus № 46
2017-04-09T15:18:33,399 [Thread-5] INFO vladlitvin.action.PassengerTransporter - passanger 12 get on the  bus № 33
2017-04-09T15:18:33,399 [Thread-1] INFO vladlitvin.action.PassengerTransporter - passanger 13 get on the  bus № 53
2017-04-09T15:18:33,399 [Thread-2] INFO vladlitvin.action.PassengerTransporter - passanger 14 get on the  bus № 46
2017-04-09T15:18:33,399 [Thread-1] INFO vladlitvin.action.PassengerTransporter - passanger 15 get on the  bus № 53
2017-04-09T15:18:33,399 [Thread-2] INFO vladlitvin.action.PassengerTransporter - passanger 16 get on the  bus № 46
2017-04-09T15:18:36,412 [Thread-3] INFO vladlitvin.entity.Station - Bus № 24 left with the station Зелёный луг-7
2017-04-09T15:18:36,412 [Thread-4] INFO vladlitvin.entity.Station - Bus № 34 left with the station Зелёный луг-7
2017-04-09T15:18:37,411 [Thread-5] INFO vladlitvin.entity.Station - Bus № 33 left with the station Мирошниченко
2017-04-09T15:18:37,411 [Thread-1] INFO vladlitvin.entity.Station - Bus № 53 left with the station Мирошниченко
2017-04-09T15:18:37,411 [Thread-2] INFO vladlitvin.entity.Station - Bus № 46 left with the station Мирошниченко
2017-04-09T15:18:37,427 [Thread-3] INFO vladlitvin.entity.Station - Bus № 24 arrived at the station Мирошниченко
2017-04-09T15:18:37,427 [Thread-4] INFO vladlitvin.entity.Station - Bus № 34 arrived at the station Мирошниченко
2017-04-09T15:18:38,421 [Thread-5] INFO vladlitvin.entity.Station - Bus № 33 arrived at the station Цнянское водохранилище
2017-04-09T15:18:38,421 [Thread-1] INFO vladlitvin.entity.Station - Bus № 53 arrived at the station Цнянское водохранилище
2017-04-09T15:18:38,421 [Thread-2] INFO vladlitvin.entity.Station - Bus № 46 arrived at the station Цнянское водохранилище
2017-04-09T15:18:38,437 [Thread-3] INFO vladlitvin.action.PassengerTransporter - passanger 17 get on the  bus № 24
2017-04-09T15:18:38,438 [Thread-4] INFO vladlitvin.action.PassengerTransporter - passanger 18 get on the  bus № 34
2017-04-09T15:18:38,438 [Thread-3] INFO vladlitvin.action.PassengerTransporter - passanger 19 get on the  bus № 24
2017-04-09T15:18:39,434 [Thread-5] INFO vladlitvin.action.PassengerTransporter - passanger 20 get on the  bus № 33
2017-04-09T15:18:39,434 [Thread-1] INFO vladlitvin.action.PassengerTransporter - passanger 21 get on the  bus № 53
2017-04-09T15:18:39,434 [Thread-2] INFO vladlitvin.action.PassengerTransporter - passanger 22 get on the  bus № 46
2017-04-09T15:18:39,434 [Thread-5] INFO vladlitvin.action.PassengerTransporter - passanger 23 get on the  bus № 33
2017-04-09T15:18:39,434 [Thread-1] INFO vladlitvin.action.PassengerTransporter - passanger 24 get on the  bus № 53
2017-04-09T15:18:42,438 [Thread-4] INFO vladlitvin.entity.Station - Bus № 34 left with the station Мирошниченко
2017-04-09T15:18:42,438 [Thread-3] INFO vladlitvin.entity.Station - Bus № 24 left with the station Мирошниченко
2017-04-09T15:18:43,437 [Thread-1] INFO vladlitvin.entity.Station - Bus № 53 left with the station Цнянское водохранилище
2017-04-09T15:18:43,437 [Thread-5] INFO vladlitvin.entity.Station - Bus № 33 left with the station Цнянское водохранилище
2017-04-09T15:18:43,437 [Thread-2] INFO vladlitvin.entity.Station - Bus № 46 left with the station Цнянское водохранилище
2017-04-09T15:18:43,452 [Thread-4] INFO vladlitvin.entity.Station - Bus № 34 arrived at the station Цнянское водохранилище
2017-04-09T15:18:43,452 [Thread-3] INFO vladlitvin.entity.Station - Bus № 24 arrived at the station Цнянское водохранилище
2017-04-09T15:18:43,452 [Thread-3] INFO vladlitvin.action.PassengerTransporter - passanger 7 get off the bus № 24
2017-04-09T15:18:44,437 [Thread-1] INFO vladlitvin.entity.Station - Bus № 53 arrived at the station Гамарника
2017-04-09T15:18:44,437 [Thread-2] INFO vladlitvin.entity.Station - Bus № 46 arrived at the station Гамарника
2017-04-09T15:18:44,437 [Thread-5] INFO vladlitvin.entity.Station - Bus № 33 arrived at the station Гамарника
2017-04-09T15:18:44,453 [Thread-4] INFO vladlitvin.action.PassengerTransporter - passanger 25 get on the  bus № 34
2017-04-09T15:18:44,453 [Thread-4] INFO vladlitvin.action.PassengerTransporter - passanger 26 get on the  bus № 34
2017-04-09T15:18:44,453 [Thread-4] INFO vladlitvin.action.PassengerTransporter - passanger 27 get on the  bus № 34
2017-04-09T15:18:45,441 [Thread-2] INFO vladlitvin.action.PassengerTransporter - passanger 28 get on the  bus № 46
2017-04-09T15:18:45,441 [Thread-5] INFO vladlitvin.action.PassengerTransporter - passanger 29 get on the  bus № 33
2017-04-09T15:18:45,441 [Thread-1] INFO vladlitvin.action.PassengerTransporter - passanger 30 get on the  bus № 53
2017-04-09T15:18:45,441 [Thread-1] INFO vladlitvin.action.PassengerTransporter - passanger 31 get on the  bus № 53
2017-04-09T15:18:45,441 [Thread-1] INFO vladlitvin.action.PassengerTransporter - passanger 32 get on the  bus № 53
2017-04-09T15:18:48,461 [Thread-4] INFO vladlitvin.entity.Station - Bus № 34 left with the station Цнянское водохранилище
2017-04-09T15:18:48,461 [Thread-3] INFO vladlitvin.entity.Station - Bus № 24 left with the station Цнянское водохранилище
2017-04-09T15:18:49,448 [Thread-1] INFO vladlitvin.entity.Station - Bus № 53 left with the station Гамарника
2017-04-09T15:18:49,448 [Thread-2] INFO vladlitvin.entity.Station - Bus № 46 left with the station Гамарника
2017-04-09T15:18:49,448 [Thread-5] INFO vladlitvin.entity.Station - Bus № 33 left with the station Гамарника
2017-04-09T15:18:49,472 [Thread-4] INFO vladlitvin.entity.Station - Bus № 34 arrived at the station Гамарника
2017-04-09T15:18:49,472 [Thread-3] INFO vladlitvin.entity.Station - Bus № 24 arrived at the station Гамарника
2017-04-09T15:18:50,450 [Thread-2] INFO vladlitvin.entity.Station - Bus № 46 arrived at the station Кольцова
2017-04-09T15:18:50,450 [Thread-1] INFO vladlitvin.entity.Station - Bus № 53 arrived at the station Кольцова
2017-04-09T15:18:50,450 [Thread-5] INFO vladlitvin.entity.Station - Bus № 33 arrived at the station Кольцова
2017-04-09T15:18:50,450 [Thread-5] INFO vladlitvin.action.PassengerTransporter - passanger 20 get off the bus № 33
2017-04-09T15:18:50,472 [Thread-3] INFO vladlitvin.action.PassengerTransporter - passanger 33 get on the  bus № 24
2017-04-09T15:18:50,472 [Thread-3] INFO vladlitvin.action.PassengerTransporter - passanger 34 get on the  bus № 24
2017-04-09T15:18:51,450 [Thread-1] INFO vladlitvin.action.PassengerTransporter - passanger 35 get on the  bus № 53
2017-04-09T15:18:51,450 [Thread-1] INFO vladlitvin.action.PassengerTransporter - passanger 36 get on the  bus № 53
2017-04-09T15:18:51,451 [Thread-5] INFO vladlitvin.action.PassengerTransporter - passanger 37 get on the  bus № 33
2017-04-09T15:18:54,475 [Thread-4] INFO vladlitvin.entity.Station - Bus № 34 left with the station Гамарника
2017-04-09T15:18:54,475 [Thread-3] INFO vladlitvin.entity.Station - Bus № 24 left with the station Гамарника
2017-04-09T15:18:55,459 [Thread-1] INFO vladlitvin.entity.Station - Bus № 53 left with the station Кольцова
2017-04-09T15:18:55,459 [Thread-5] INFO vladlitvin.entity.Station - Bus № 33 left with the station Кольцова
2017-04-09T15:18:55,459 [Thread-2] INFO vladlitvin.entity.Station - Bus № 46 left with the station Кольцова
2017-04-09T15:18:55,490 [Thread-3] INFO vladlitvin.entity.Station - Bus № 24 arrived at the station Кольцова
2017-04-09T15:18:55,490 [Thread-4] INFO vladlitvin.entity.Station - Bus № 34 arrived at the station Кольцова
2017-04-09T15:18:56,463 [Thread-2] INFO vladlitvin.entity.Station - Bus № 46 arrived at the station Никитино
2017-04-09T15:18:56,463 [Thread-1] INFO vladlitvin.entity.Station - Bus № 53 arrived at the station Никитино
2017-04-09T15:18:56,463 [Thread-5] INFO vladlitvin.entity.Station - Bus № 33 arrived at the station Никитино
2017-04-09T15:18:56,463 [Thread-2] INFO vladlitvin.action.PassengerTransporter - passanger 22 get off the bus № 46
2017-04-09T15:18:56,463 [Thread-1] INFO vladlitvin.action.PassengerTransporter - passanger 15 get off the bus № 53
2017-04-09T15:18:56,463 [Thread-2] INFO vladlitvin.action.PassengerTransporter - passanger 8 get off the bus № 46
2017-04-09T15:18:56,491 [Thread-3] INFO vladlitvin.action.PassengerTransporter - passanger 38 get on the  bus № 24
2017-04-09T15:18:56,491 [Thread-4] INFO vladlitvin.action.PassengerTransporter - passanger 39 get on the  bus № 34
2017-04-09T15:18:57,468 [Thread-2] INFO vladlitvin.action.PassengerTransporter - passanger 40 get on the  bus № 46
2017-04-09T15:18:57,468 [Thread-5] INFO vladlitvin.action.PassengerTransporter - passanger 41 get on the  bus № 33
2017-04-09T15:18:57,468 [Thread-1] INFO vladlitvin.action.PassengerTransporter - passanger 42 get on the  bus № 53
2017-04-09T15:18:57,468 [Thread-2] INFO vladlitvin.action.PassengerTransporter - passanger 43 get on the  bus № 46
2017-04-09T15:18:57,468 [Thread-5] INFO vladlitvin.action.PassengerTransporter - passanger 44 get on the  bus № 33
2017-04-09T15:19:00,503 [Thread-3] INFO vladlitvin.entity.Station - Bus № 24 left with the station Кольцова
2017-04-09T15:19:00,503 [Thread-4] INFO vladlitvin.entity.Station - Bus № 34 left with the station Кольцова
2017-04-09T15:19:01,479 [Thread-1] INFO vladlitvin.entity.Station - Bus № 53 left with the station Никитино
2017-04-09T15:19:01,479 [Thread-5] INFO vladlitvin.entity.Station - Bus № 33 left with the station Никитино
2017-04-09T15:19:01,479 [Thread-2] INFO vladlitvin.entity.Station - Bus № 46 left with the station Никитино
2017-04-09T15:19:01,510 [Thread-3] INFO vladlitvin.entity.Station - Bus № 24 arrived at the station Никитино
2017-04-09T15:19:01,510 [Thread-4] INFO vladlitvin.entity.Station - Bus № 34 arrived at the station Никитино
2017-04-09T15:19:01,510 [Thread-4] INFO vladlitvin.action.PassengerTransporter - passanger 39 get off the bus № 34
2017-04-09T15:19:02,492 [Thread-1] INFO vladlitvin.entity.Bus - Bus № 53 finished route
2017-04-09T15:19:02,492 [Thread-5] INFO vladlitvin.entity.Bus - Bus № 33 finished route
2017-04-09T15:19:02,492 [Thread-2] INFO vladlitvin.entity.Bus - Bus № 46 finished route
2017-04-09T15:19:02,524 [Thread-3] INFO vladlitvin.action.PassengerTransporter - passanger 45 get on the  bus № 24
2017-04-09T15:19:02,524 [Thread-3] INFO vladlitvin.action.PassengerTransporter - passanger 46 get on the  bus № 24
2017-04-09T15:19:02,524 [Thread-3] INFO vladlitvin.action.PassengerTransporter - passanger 47 get on the  bus № 24
2017-04-09T15:19:02,524 [Thread-3] INFO vladlitvin.action.PassengerTransporter - passanger 48 get on the  bus № 24
2017-04-09T15:19:06,524 [Thread-4] INFO vladlitvin.entity.Station - Bus № 34 left with the station Никитино
2017-04-09T15:19:06,524 [Thread-3] INFO vladlitvin.entity.Station - Bus № 24 left with the station Никитино
2017-04-09T15:19:07,533 [Thread-4] INFO vladlitvin.entity.Bus - Bus № 34 finished route
2017-04-09T15:19:07,533 [Thread-3] INFO vladlitvin.entity.Bus - Bus № 24 finished route
2017-04-09T15:20:11,559 [Thread-2] INFO vladlitvin.entity.Bus - Bus № 46 Started move on rout: Зелёный луг-7 -- Никитино
2017-04-09T15:20:11,559 [Thread-1] INFO vladlitvin.entity.Bus - Bus № 53 Started move on rout: Зелёный луг-7 -- Никитино
2017-04-09T15:20:11,559 [Thread-4] INFO vladlitvin.entity.Bus - Bus № 34 Started move on rout: Зелёный луг-7 -- Никитино
2017-04-09T15:20:11,559 [Thread-5] INFO vladlitvin.entity.Bus - Bus № 33 Started move on rout: Зелёный луг-7 -- Никитино
2017-04-09T15:20:11,559 [Thread-3] INFO vladlitvin.entity.Bus - Bus № 24 Started move on rout: Зелёный луг-7 -- Никитино
2017-04-09T15:20:11,575 [Thread-5] INFO vladlitvin.entity.Station - Bus № 33 arrived at the station Зелёный луг-7
2017-04-09T15:20:11,575 [Thread-3] INFO vladlitvin.entity.Station - Bus № 24 arrived at the station Зелёный луг-7
2017-04-09T15:20:11,575 [Thread-4] INFO vladlitvin.entity.Station - Bus № 34 arrived at the station Зелёный луг-7
2017-04-09T15:20:12,596 [Thread-3] INFO vladlitvin.action.PassengerTransporter - passanger 0 get on the  bus № 24, on plase № 50
2017-04-09T15:20:12,596 [Thread-5] INFO vladlitvin.action.PassengerTransporter - passanger 1 get on the  bus № 33, on plase № 14
2017-04-09T15:20:12,596 [Thread-3] INFO vladlitvin.action.PassengerTransporter - passanger 2 get on the  bus № 24, on plase № 48
2017-04-09T15:20:16,599 [Thread-3] INFO vladlitvin.entity.Station - Bus № 24 left with the station Зелёный луг-7
2017-04-09T15:20:16,599 [Thread-4] INFO vladlitvin.entity.Station - Bus № 34 left with the station Зелёный луг-7
2017-04-09T15:20:16,599 [Thread-5] INFO vladlitvin.entity.Station - Bus № 33 left with the station Зелёный луг-7
2017-04-09T15:20:16,599 [Thread-1] INFO vladlitvin.entity.Station - Bus № 53 arrived at the station Зелёный луг-7
2017-04-09T15:20:16,599 [Thread-2] INFO vladlitvin.entity.Station - Bus № 46 arrived at the station Зелёный луг-7
2017-04-09T15:20:17,602 [Thread-3] INFO vladlitvin.entity.Station - Bus № 24 arrived at the station Мирошниченко
2017-04-09T15:20:17,602 [Thread-4] INFO vladlitvin.entity.Station - Bus № 34 arrived at the station Мирошниченко
2017-04-09T15:20:17,602 [Thread-5] INFO vladlitvin.entity.Station - Bus № 33 arrived at the station Мирошниченко
2017-04-09T15:20:17,602 [Thread-1] INFO vladlitvin.action.PassengerTransporter - passanger 3 get on the  bus № 53, on plase № 17
2017-04-09T15:20:17,602 [Thread-1] INFO vladlitvin.action.PassengerTransporter - passanger 4 get on the  bus № 53, on plase № 16
2017-04-09T15:20:18,606 [Thread-4] INFO vladlitvin.action.PassengerTransporter - passanger 5 get on the  bus № 34, on plase № 23
2017-04-09T15:20:18,606 [Thread-3] INFO vladlitvin.action.PassengerTransporter - passanger 6 get on the  bus № 24, on plase № 1
2017-04-09T15:20:18,606 [Thread-4] INFO vladlitvin.action.PassengerTransporter - passanger 7 get on the  bus № 34, on plase № 58
2017-04-09T15:20:18,606 [Thread-3] INFO vladlitvin.action.PassengerTransporter - passanger 8 get on the  bus № 24, on plase № 25
2017-04-09T15:20:18,606 [Thread-4] INFO vladlitvin.action.PassengerTransporter - passanger 9 get on the  bus № 34, on plase № 4
2017-04-09T15:20:18,606 [Thread-4] INFO vladlitvin.action.PassengerTransporter - passanger 10 get on the  bus № 34, on plase № 22
2017-04-09T15:20:21,604 [Thread-1] INFO vladlitvin.entity.Station - Bus № 53 left with the station Зелёный луг-7
2017-04-09T15:20:21,604 [Thread-2] INFO vladlitvin.entity.Station - Bus № 46 left with the station Зелёный луг-7
2017-04-09T15:20:22,618 [Thread-4] INFO vladlitvin.entity.Station - Bus № 34 left with the station Мирошниченко
2017-04-09T15:20:22,618 [Thread-5] INFO vladlitvin.entity.Station - Bus № 33 left with the station Мирошниченко
2017-04-09T15:20:22,618 [Thread-3] INFO vladlitvin.entity.Station - Bus № 24 left with the station Мирошниченко
2017-04-09T15:20:22,618 [Thread-1] INFO vladlitvin.entity.Station - Bus № 53 arrived at the station Мирошниченко
2017-04-09T15:20:22,618 [Thread-2] INFO vladlitvin.entity.Station - Bus № 46 arrived at the station Мирошниченко
2017-04-09T15:20:23,619 [Thread-4] INFO vladlitvin.entity.Station - Bus № 34 arrived at the station Цнянское водохранилище
2017-04-09T15:20:23,619 [Thread-5] INFO vladlitvin.entity.Station - Bus № 33 arrived at the station Цнянское водохранилище
2017-04-09T15:20:23,619 [Thread-3] INFO vladlitvin.entity.Station - Bus № 24 arrived at the station Цнянское водохранилище
2017-04-09T15:20:23,619 [Thread-1] INFO vladlitvin.action.PassengerTransporter - passanger 11 get on the  bus № 53, on plase № 58
2017-04-09T15:20:23,619 [Thread-2] INFO vladlitvin.action.PassengerTransporter - passanger 12 get on the  bus № 46, on plase № 40
2017-04-09T15:20:23,619 [Thread-1] INFO vladlitvin.action.PassengerTransporter - passanger 13 get on the  bus № 53, on plase № 49
2017-04-09T15:20:23,619 [Thread-2] INFO vladlitvin.action.PassengerTransporter - passanger 14 get on the  bus № 46, on plase № 11
2017-04-09T15:20:23,619 [Thread-1] INFO vladlitvin.action.PassengerTransporter - passanger 15 get on the  bus № 53, on plase № 42
2017-04-09T15:20:23,619 [Thread-2] INFO vladlitvin.action.PassengerTransporter - passanger 16 get on the  bus № 46, on plase № 4
2017-04-09T15:20:23,619 [Thread-1] INFO vladlitvin.action.PassengerTransporter - passanger 17 get on the  bus № 53, on plase № 55
2017-04-09T15:20:23,619 [Thread-2] INFO vladlitvin.action.PassengerTransporter - passanger 18 get on the  bus № 46, on plase № 44
2017-04-09T15:20:24,626 [Thread-5] INFO vladlitvin.action.PassengerTransporter - passanger 19 get on the  bus № 33, on plase № 56
2017-04-09T15:20:24,626 [Thread-4] INFO vladlitvin.action.PassengerTransporter - passanger 20 get on the  bus № 34, on plase № 38
2017-04-09T15:20:24,626 [Thread-4] INFO vladlitvin.action.PassengerTransporter - passanger 21 get on the  bus № 34, on plase № 25
2017-04-09T15:20:24,626 [Thread-4] INFO vladlitvin.action.PassengerTransporter - passanger 22 get on the  bus № 34, on plase № 2
2017-04-09T15:20:27,623 [Thread-1] INFO vladlitvin.entity.Station - Bus № 53 left with the station Мирошниченко
2017-04-09T15:20:27,623 [Thread-2] INFO vladlitvin.entity.Station - Bus № 46 left with the station Мирошниченко
2017-04-09T15:20:28,628 [Thread-4] INFO vladlitvin.entity.Station - Bus № 34 left with the station Цнянское водохранилище
2017-04-09T15:20:28,628 [Thread-3] INFO vladlitvin.entity.Station - Bus № 24 left with the station Цнянское водохранилище
2017-04-09T15:20:28,628 [Thread-5] INFO vladlitvin.entity.Station - Bus № 33 left with the station Цнянское водохранилище
2017-04-09T15:20:28,628 [Thread-1] INFO vladlitvin.entity.Station - Bus № 53 arrived at the station Цнянское водохранилище
2017-04-09T15:20:28,628 [Thread-2] INFO vladlitvin.entity.Station - Bus № 46 arrived at the station Цнянское водохранилище
2017-04-09T15:20:29,628 [Thread-5] INFO vladlitvin.entity.Station - Bus № 33 arrived at the station Гамарника
2017-04-09T15:20:29,628 [Thread-3] INFO vladlitvin.entity.Station - Bus № 24 arrived at the station Гамарника
2017-04-09T15:20:29,628 [Thread-1] INFO vladlitvin.action.PassengerTransporter - passanger 23 get on the  bus № 53, on plase № 41
2017-04-09T15:20:29,628 [Thread-4] INFO vladlitvin.entity.Station - Bus № 34 arrived at the station Гамарника
2017-04-09T15:20:29,628 [Thread-3] INFO vladlitvin.action.PassengerTransporter - passanger 6 get off the bus № 24
2017-04-09T15:20:29,628 [Thread-2] INFO vladlitvin.action.PassengerTransporter - passanger 24 get on the  bus № 46, on plase № 1
2017-04-09T15:20:29,628 [Thread-1] INFO vladlitvin.action.PassengerTransporter - passanger 25 get on the  bus № 53, on plase № 6
2017-04-09T15:20:29,628 [Thread-2] INFO vladlitvin.action.PassengerTransporter - passanger 26 get on the  bus № 46, on plase № 7
2017-04-09T15:20:29,628 [Thread-2] INFO vladlitvin.action.PassengerTransporter - passanger 27 get on the  bus № 46, on plase № 15
2017-04-09T15:20:29,628 [Thread-2] INFO vladlitvin.action.PassengerTransporter - passanger 28 get on the  bus № 46, on plase № 5
2017-04-09T15:20:30,634 [Thread-5] INFO vladlitvin.action.PassengerTransporter - passanger 29 get on the  bus № 33, on plase № 10
2017-04-09T15:20:30,635 [Thread-4] INFO vladlitvin.action.PassengerTransporter - passanger 30 get on the  bus № 34, on plase № 54
2017-04-09T15:20:30,635 [Thread-3] INFO vladlitvin.action.PassengerTransporter - passanger 31 get on the  bus № 24, on plase № 7
2017-04-09T15:20:30,635 [Thread-5] INFO vladlitvin.action.PassengerTransporter - passanger 32 get on the  bus № 33, on plase № 34
2017-04-09T15:20:30,635 [Thread-4] INFO vladlitvin.action.PassengerTransporter - passanger 33 get on the  bus № 34, on plase № 9
2017-04-09T15:20:30,635 [Thread-3] INFO vladlitvin.action.PassengerTransporter - passanger 34 get on the  bus № 24, on plase № 0
2017-04-09T15:20:30,635 [Thread-3] INFO vladlitvin.action.PassengerTransporter - passanger 35 get on the  bus № 24, on plase № 28
2017-04-09T15:20:33,631 [Thread-2] INFO vladlitvin.entity.Station - Bus № 46 left with the station Цнянское водохранилище
2017-04-09T15:20:33,631 [Thread-1] INFO vladlitvin.entity.Station - Bus № 53 left with the station Цнянское водохранилище
2017-04-09T15:20:34,638 [Thread-4] INFO vladlitvin.entity.Station - Bus № 34 left with the station Гамарника
2017-04-09T15:20:34,638 [Thread-5] INFO vladlitvin.entity.Station - Bus № 33 left with the station Гамарника
2017-04-09T15:20:34,638 [Thread-3] INFO vladlitvin.entity.Station - Bus № 24 left with the station Гамарника
2017-04-09T15:20:34,638 [Thread-2] INFO vladlitvin.entity.Station - Bus № 46 arrived at the station Гамарника
2017-04-09T15:20:34,638 [Thread-1] INFO vladlitvin.entity.Station - Bus № 53 arrived at the station Гамарника
2017-04-09T15:20:35,653 [Thread-3] INFO vladlitvin.entity.Station - Bus № 24 arrived at the station Кольцова
2017-04-09T15:20:35,653 [Thread-5] INFO vladlitvin.entity.Station - Bus № 33 arrived at the station Кольцова
2017-04-09T15:20:35,653 [Thread-4] INFO vladlitvin.entity.Station - Bus № 34 arrived at the station Кольцова
2017-04-09T15:20:35,653 [Thread-1] INFO vladlitvin.action.PassengerTransporter - passanger 36 get on the  bus № 53, on plase № 14
2017-04-09T15:20:35,653 [Thread-4] INFO vladlitvin.action.PassengerTransporter - passanger 7 get off the bus № 34
2017-04-09T15:20:35,653 [Thread-1] INFO vladlitvin.action.PassengerTransporter - passanger 37 get on the  bus № 53, on plase № 0
2017-04-09T15:20:36,661 [Thread-4] INFO vladlitvin.action.PassengerTransporter - passanger 38 get on the  bus № 34, on plase № 42
