2017-04-08T23:23:51,163 [Thread-1] INFO vladlitvin.action.PassengerTransporter - Passenger{name='passanger 40'} get on from  bus # 53
2017-04-08T23:23:51,163 [Thread-1] INFO vladlitvin.action.PassengerTransporter - Passenger{name='passanger 41'} get on from  bus # 53
2017-04-08T23:23:51,163 [Thread-1] INFO vladlitvin.action.PassengerTransporter - Passenger{name='passanger 42'} get on from  bus # 53
2017-04-08T23:23:51,163 [Thread-1] INFO vladlitvin.action.PassengerTransporter - Passenger{name='passanger 43'} get on from  bus # 53
2017-04-08T23:23:51,163 [Thread-1] INFO vladlitvin.action.PassengerTransporter - Passenger{name='passanger 44'} get on from  bus # 53
2017-04-08T23:23:51,163 [Thread-1] INFO vladlitvin.action.PassengerTransporter - Passenger{name='passanger 45'} get on from  bus # 53
2017-04-08T23:23:55,169 [Thread-1] INFO epam.vladlitvin.Station - автобус №53Уехал с остановки Мирошниченко
2017-04-08T23:23:56,169 [Thread-1] INFO epam.vladlitvin.Station - автобус #53 Прибыл на остановку Цнянское водохранилище
2017-04-08T23:23:56,169 [Thread-1] INFO vladlitvin.action.PassengerTransporter - Passenger{name='passanger 21'} get off from bus # 53
2017-04-08T23:23:56,169 [Thread-1] INFO vladlitvin.action.PassengerTransporter - Passenger{name='passanger 20'} get off from bus # 53
2017-04-08T23:23:56,170 [Thread-1] INFO vladlitvin.action.PassengerTransporter - Passenger{name='passanger 7'} get off from bus # 53
2017-04-08T23:23:56,170 [Thread-1] INFO vladlitvin.action.PassengerTransporter - Passenger{name='passanger 34'} get off from bus # 53
2017-04-08T23:23:56,170 [Thread-1] INFO vladlitvin.action.PassengerTransporter - Passenger{name='passanger 2'} get off from bus # 53
2017-04-08T23:23:56,170 [Thread-1] INFO vladlitvin.action.PassengerTransporter - Passenger{name='passanger 39'} get off from bus # 53
2017-04-08T23:23:56,170 [Thread-1] INFO vladlitvin.action.PassengerTransporter - Passenger{name='passanger 26'} get off from bus # 53
2017-04-08T23:23:56,170 [Thread-1] INFO vladlitvin.action.PassengerTransporter - Passenger{name='passanger 42'} get off from bus # 53
2017-04-08T23:23:56,170 [Thread-1] INFO vladlitvin.action.PassengerTransporter - Passenger{name='passanger 10'} get off from bus # 53
2017-04-08T23:23:56,170 [Thread-1] INFO vladlitvin.action.PassengerTransporter - Passenger{name='passanger 27'} get off from bus # 53
2017-04-08T23:23:56,170 [Thread-1] INFO vladlitvin.action.PassengerTransporter - Passenger{name='passanger 37'} get off from bus # 53
2017-04-08T23:23:56,170 [Thread-1] INFO vladlitvin.action.PassengerTransporter - Passenger{name='passanger 35'} get off from bus # 53
2017-04-08T23:23:56,170 [Thread-1] INFO vladlitvin.action.PassengerTransporter - Passenger{name='passanger 40'} get off from bus # 53
2017-04-08T23:24:01,182 [Thread-1] INFO epam.vladlitvin.Station - автобус №53Уехал с остановки Цнянское водохранилище
2017-04-08T23:24:02,194 [Thread-1] INFO epam.vladlitvin.Station - автобус #53 Прибыл на остановку Гамарника
2017-04-08T23:24:02,194 [Thread-1] INFO vladlitvin.action.PassengerTransporter - Passenger{name='passanger 11'} get off from bus # 53
2017-04-08T23:24:02,194 [Thread-1] INFO vladlitvin.action.PassengerTransporter - Passenger{name='passanger 31'} get off from bus # 53
2017-04-08T23:24:02,194 [Thread-1] INFO vladlitvin.action.PassengerTransporter - Passenger{name='passanger 33'} get off from bus # 53
2017-04-08T23:24:02,194 [Thread-1] INFO vladlitvin.action.PassengerTransporter - Passenger{name='passanger 29'} get off from bus # 53
2017-04-08T23:24:02,194 [Thread-1] INFO vladlitvin.action.PassengerTransporter - Passenger{name='passanger 22'} get off from bus # 53
2017-04-08T23:24:03,200 [Thread-1] INFO vladlitvin.action.PassengerTransporter - Passenger{name='passanger 46'} get on from  bus # 53
2017-04-08T23:24:03,200 [Thread-1] INFO vladlitvin.action.PassengerTransporter - Passenger{name='passanger 47'} get on from  bus # 53
2017-04-08T23:24:03,200 [Thread-1] INFO vladlitvin.action.PassengerTransporter - Passenger{name='passanger 48'} get on from  bus # 53
2017-04-08T23:24:03,200 [Thread-1] INFO vladlitvin.action.PassengerTransporter - Passenger{name='passanger 49'} get on from  bus # 53
2017-04-08T23:24:03,200 [Thread-1] INFO vladlitvin.action.PassengerTransporter - Passenger{name='passanger 50'} get on from  bus # 53
2017-04-08T23:24:03,200 [Thread-1] INFO vladlitvin.action.PassengerTransporter - Passenger{name='passanger 51'} get on from  bus # 53
2017-04-08T23:24:03,200 [Thread-1] INFO vladlitvin.action.PassengerTransporter - Passenger{name='passanger 52'} get on from  bus # 53
2017-04-08T23:24:03,200 [Thread-1] INFO vladlitvin.action.PassengerTransporter - Passenger{name='passanger 53'} get on from  bus # 53
2017-04-08T23:24:03,200 [Thread-1] INFO vladlitvin.action.PassengerTransporter - Passenger{name='passanger 54'} get on from  bus # 53
2017-04-08T23:24:03,200 [Thread-1] INFO vladlitvin.action.PassengerTransporter - Passenger{name='passanger 55'} get on from  bus # 53
2017-04-08T23:24:03,200 [Thread-1] INFO vladlitvin.action.PassengerTransporter - Passenger{name='passanger 56'} get on from  bus # 53
2017-04-08T23:24:03,200 [Thread-1] INFO vladlitvin.action.PassengerTransporter - Passenger{name='passanger 57'} get on from  bus # 53
2017-04-08T23:24:03,200 [Thread-1] INFO vladlitvin.action.PassengerTransporter - Passenger{name='passanger 58'} get on from  bus # 53
2017-04-08T23:24:03,200 [Thread-1] INFO vladlitvin.action.PassengerTransporter - Passenger{name='passanger 59'} get on from  bus # 53
2017-04-08T23:24:03,200 [Thread-1] INFO vladlitvin.action.PassengerTransporter - Passenger{name='passanger 60'} get on from  bus # 53
2017-04-08T23:24:03,200 [Thread-1] INFO vladlitvin.action.PassengerTransporter - Passenger{name='passanger 61'} get on from  bus # 53
2017-04-08T23:24:03,200 [Thread-1] INFO vladlitvin.action.PassengerTransporter - Passenger{name='passanger 62'} get on from  bus # 53
2017-04-08T23:24:03,200 [Thread-1] INFO vladlitvin.action.PassengerTransporter - Passenger{name='passanger 63'} get on from  bus # 53
2017-04-08T23:24:03,200 [Thread-1] INFO vladlitvin.action.PassengerTransporter - Passenger{name='passanger 64'} get on from  bus # 53
2017-04-08T23:24:03,200 [Thread-1] INFO vladlitvin.action.PassengerTransporter - Passenger{name='passanger 65'} get on from  bus # 53
2017-04-08T23:24:03,200 [Thread-1] INFO vladlitvin.action.PassengerTransporter - Passenger{name='passanger 66'} get on from  bus # 53
2017-04-08T23:24:03,200 [Thread-1] INFO vladlitvin.action.PassengerTransporter - Passenger{name='passanger 67'} get on from  bus # 53
2017-04-08T23:24:03,200 [Thread-1] INFO vladlitvin.action.PassengerTransporter - Passenger{name='passanger 68'} get on from  bus # 53
2017-04-08T23:24:03,200 [Thread-1] INFO vladlitvin.action.PassengerTransporter - Passenger{name='passanger 69'} get on from  bus # 53
2017-04-08T23:24:07,200 [Thread-1] INFO epam.vladlitvin.Station - автобус №53Уехал с остановки Гамарника
2017-04-08T23:24:08,200 [Thread-1] INFO epam.vladlitvin.Station - автобус #53 Прибыл на остановку Кольцова
2017-04-08T23:24:08,200 [Thread-1] INFO vladlitvin.action.PassengerTransporter - Passenger{name='passanger 54'} get off from bus # 53
2017-04-08T23:24:08,200 [Thread-1] INFO vladlitvin.action.PassengerTransporter - Passenger{name='passanger 51'} get off from bus # 53
2017-04-08T23:24:08,200 [Thread-1] INFO vladlitvin.action.PassengerTransporter - Passenger{name='passanger 56'} get off from bus # 53
2017-04-08T23:24:08,200 [Thread-1] INFO vladlitvin.action.PassengerTransporter - Passenger{name='passanger 57'} get off from bus # 53
2017-04-08T23:24:08,200 [Thread-1] INFO vladlitvin.action.PassengerTransporter - Passenger{name='passanger 38'} get off from bus # 53
2017-04-08T23:24:08,200 [Thread-1] INFO vladlitvin.action.PassengerTransporter - Passenger{name='passanger 43'} get off from bus # 53
2017-04-08T23:24:08,200 [Thread-1] INFO vladlitvin.action.PassengerTransporter - Passenger{name='passanger 1'} get off from bus # 53
2017-04-08T23:24:08,200 [Thread-1] INFO vladlitvin.action.PassengerTransporter - Passenger{name='passanger 49'} get off from bus # 53
2017-04-08T23:24:08,200 [Thread-1] INFO vladlitvin.action.PassengerTransporter - Passenger{name='passanger 52'} get off from bus # 53
2017-04-08T23:24:08,200 [Thread-1] INFO vladlitvin.action.PassengerTransporter - Passenger{name='passanger 6'} get off from bus # 53
2017-04-08T23:24:09,213 [Thread-1] INFO vladlitvin.action.PassengerTransporter - Passenger{name='passanger 70'} get on from  bus # 53
2017-04-08T23:24:09,213 [Thread-1] INFO vladlitvin.action.PassengerTransporter - Passenger{name='passanger 71'} get on from  bus # 53
2017-04-08T23:24:09,213 [Thread-1] INFO vladlitvin.action.PassengerTransporter - Passenger{name='passanger 72'} get on from  bus # 53
2017-04-08T23:24:09,213 [Thread-1] INFO vladlitvin.action.PassengerTransporter - Passenger{name='passanger 73'} get on from  bus # 53
2017-04-08T23:24:09,213 [Thread-1] INFO vladlitvin.action.PassengerTransporter - Passenger{name='passanger 74'} get on from  bus # 53
2017-04-08T23:24:13,214 [Thread-1] INFO epam.vladlitvin.Station - автобус №53Уехал с остановки Кольцова
2017-04-08T23:24:14,228 [Thread-1] INFO epam.vladlitvin.Station - автобус #53 Прибыл на остановку Никитино
2017-04-08T23:24:14,228 [Thread-1] INFO vladlitvin.action.PassengerTransporter - Passenger{name='passanger 28'} get off from bus # 53
2017-04-08T23:24:14,228 [Thread-1] INFO vladlitvin.action.PassengerTransporter - Passenger{name='passanger 46'} get off from bus # 53
2017-04-08T23:24:15,233 [Thread-1] INFO vladlitvin.action.PassengerTransporter - Passenger{name='passanger 75'} get on from  bus # 53
2017-04-08T23:24:15,233 [Thread-1] INFO vladlitvin.action.PassengerTransporter - Passenger{name='passanger 76'} get on from  bus # 53
2017-04-08T23:24:15,233 [Thread-1] INFO vladlitvin.action.PassengerTransporter - Passenger{name='passanger 77'} get on from  bus # 53
2017-04-08T23:24:15,233 [Thread-1] INFO vladlitvin.action.PassengerTransporter - Passenger{name='passanger 78'} get on from  bus # 53
2017-04-08T23:24:15,233 [Thread-1] INFO vladlitvin.action.PassengerTransporter - Passenger{name='passanger 79'} get on from  bus # 53
2017-04-08T23:24:15,233 [Thread-1] INFO vladlitvin.action.PassengerTransporter - Passenger{name='passanger 80'} get on from  bus # 53
2017-04-08T23:24:15,233 [Thread-1] INFO vladlitvin.action.PassengerTransporter - Passenger{name='passanger 81'} get on from  bus # 53
2017-04-08T23:24:15,233 [Thread-1] INFO vladlitvin.action.PassengerTransporter - Passenger{name='passanger 82'} get on from  bus # 53
2017-04-08T23:24:15,233 [Thread-1] INFO vladlitvin.action.PassengerTransporter - Passenger{name='passanger 83'} get on from  bus # 53
2017-04-08T23:24:15,233 [Thread-1] INFO vladlitvin.action.PassengerTransporter - Passenger{name='passanger 84'} get on from  bus # 53
2017-04-08T23:24:15,233 [Thread-1] INFO vladlitvin.action.PassengerTransporter - Passenger{name='passanger 85'} get on from  bus # 53
2017-04-08T23:24:15,233 [Thread-1] INFO vladlitvin.action.PassengerTransporter - Passenger{name='passanger 86'} get on from  bus # 53
2017-04-08T23:24:15,233 [Thread-1] INFO vladlitvin.action.PassengerTransporter - Passenger{name='passanger 87'} get on from  bus # 53
2017-04-08T23:24:15,233 [Thread-1] INFO vladlitvin.action.PassengerTransporter - Passenger{name='passanger 88'} get on from  bus # 53
2017-04-08T23:24:15,233 [Thread-1] INFO vladlitvin.action.PassengerTransporter - Passenger{name='passanger 89'} get on from  bus # 53
2017-04-08T23:24:15,233 [Thread-1] INFO vladlitvin.action.PassengerTransporter - Passenger{name='passanger 90'} get on from  bus # 53
2017-04-08T23:24:19,233 [Thread-1] INFO epam.vladlitvin.Station - автобус №53Уехал с остановки Никитино
2017-04-08T23:24:20,243 [Thread-1] INFO epam.vladlitvin.Bus - Автобус #53 закончил маршрут.
2017-04-08T23:32:30,311 [Thread-1] INFO epam.vladlitvin.Bus - Автобус #53Начал движение по маршруту #Зелёный луг-7 -- Никитино
2017-04-08T23:32:30,337 [Thread-1] INFO epam.vladlitvin.Station - автобус #53 Прибыл на остановку Зелёный луг-7
2017-04-08T23:32:31,340 [Thread-1] INFO vladlitvin.action.PassengerTransporter - Passenger{name='passanger 0'} get on from  bus # 53
2017-04-08T23:32:35,340 [Thread-1] INFO epam.vladlitvin.Station - автобус №53Уехал с остановки Зелёный луг-7
2017-04-08T23:32:36,350 [Thread-1] INFO epam.vladlitvin.Station - автобус #53 Прибыл на остановку Мирошниченко
2017-04-08T23:32:36,350 [Thread-1] INFO vladlitvin.action.PassengerTransporter - Passenger{name='passanger 0'} get off from bus # 53
2017-04-08T23:32:37,363 [Thread-1] INFO vladlitvin.action.PassengerTransporter - Passenger{name='passanger 1'} get on from  bus # 53
2017-04-08T23:32:37,363 [Thread-1] INFO vladlitvin.action.PassengerTransporter - Passenger{name='passanger 2'} get on from  bus # 53
2017-04-08T23:32:37,363 [Thread-1] INFO vladlitvin.action.PassengerTransporter - Passenger{name='passanger 3'} get on from  bus # 53
2017-04-08T23:32:41,372 [Thread-1] INFO epam.vladlitvin.Station - автобус №53Уехал с остановки Мирошниченко
2017-04-08T23:32:42,373 [Thread-1] INFO epam.vladlitvin.Station - автобус #53 Прибыл на остановку Цнянское водохранилище
2017-04-08T23:32:42,373 [Thread-1] INFO vladlitvin.action.PassengerTransporter - Passenger{name='passanger 1'} get off from bus # 53
2017-04-08T23:32:47,389 [Thread-1] INFO epam.vladlitvin.Station - автобус №53Уехал с остановки Цнянское водохранилище
2017-04-08T23:32:48,389 [Thread-1] INFO epam.vladlitvin.Station - автобус #53 Прибыл на остановку Гамарника
2017-04-08T23:32:49,390 [Thread-1] INFO vladlitvin.action.PassengerTransporter - Passenger{name='passanger 4'} get on from  bus # 53
2017-04-08T23:32:53,398 [Thread-1] INFO epam.vladlitvin.Station - автобус №53Уехал с остановки Гамарника
2017-04-08T23:32:54,405 [Thread-1] INFO epam.vladlitvin.Station - автобус #53 Прибыл на остановку Кольцова
2017-04-08T23:32:54,405 [Thread-1] INFO vladlitvin.action.PassengerTransporter - Passenger{name='passanger 3'} get off from bus # 53
2017-04-08T23:32:54,405 [Thread-1] INFO vladlitvin.action.PassengerTransporter - Passenger{name='passanger 4'} get off from bus # 53
2017-04-08T23:32:55,411 [Thread-1] INFO vladlitvin.action.PassengerTransporter - Passenger{name='passanger 5'} get on from  bus # 53
2017-04-08T23:32:55,411 [Thread-1] INFO vladlitvin.action.PassengerTransporter - Passenger{name='passanger 6'} get on from  bus # 53
2017-04-08T23:32:59,419 [Thread-1] INFO epam.vladlitvin.Station - автобус №53Уехал с остановки Кольцова
2017-04-08T23:33:00,420 [Thread-1] INFO epam.vladlitvin.Station - автобус #53 Прибыл на остановку Никитино
2017-04-08T23:33:00,420 [Thread-1] INFO vladlitvin.action.PassengerTransporter - Passenger{name='passanger 2'} get off from bus # 53
2017-04-08T23:33:00,420 [Thread-1] INFO vladlitvin.action.PassengerTransporter - Passenger{name='passanger 6'} get off from bus # 53
2017-04-08T23:33:01,422 [Thread-1] INFO vladlitvin.action.PassengerTransporter - Passenger{name='passanger 7'} get on from  bus # 53
2017-04-08T23:33:01,422 [Thread-1] INFO vladlitvin.action.PassengerTransporter - Passenger{name='passanger 8'} get on from  bus # 53
2017-04-08T23:33:05,429 [Thread-1] INFO epam.vladlitvin.Station - автобус №53Уехал с остановки Никитино
2017-04-08T23:33:06,433 [Thread-1] INFO epam.vladlitvin.Bus - Автобус #53 закончил маршрут.
2017-04-09T12:08:39,137 [Thread-3] INFO epam.vladlitvin.Bus - Автобус #24Начал движение по маршруту #Зелёный луг-7 -- Никитино
2017-04-09T12:08:39,137 [Thread-2] INFO epam.vladlitvin.Bus - Автобус #46Начал движение по маршруту #Зелёный луг-7 -- Никитино
2017-04-09T12:08:39,137 [Thread-4] INFO epam.vladlitvin.Bus - Автобус #34Начал движение по маршруту #Зелёный луг-7 -- Никитино
2017-04-09T12:08:39,137 [Thread-1] INFO epam.vladlitvin.Bus - Автобус #53Начал движение по маршруту #Зелёный луг-7 -- Никитино
2017-04-09T12:08:39,137 [Thread-5] INFO epam.vladlitvin.Bus - Автобус #33Начал движение по маршруту #Зелёный луг-7 -- Никитино
2017-04-09T12:08:39,156 [Thread-4] INFO epam.vladlitvin.Station - автобус #34 Прибыл на остановку Зелёный луг-7
2017-04-09T12:08:39,156 [Thread-2] INFO epam.vladlitvin.Station - автобус #46 Прибыл на остановку Зелёный луг-7
2017-04-09T12:08:39,156 [Thread-3] INFO epam.vladlitvin.Station - автобус #24 Прибыл на остановку Зелёный луг-7
2017-04-09T12:08:40,158 [Thread-3] INFO vladlitvin.action.PassengerTransporter - Passenger{name='passanger 0'} get on from  bus # 24
2017-04-09T12:08:40,158 [Thread-4] INFO vladlitvin.action.PassengerTransporter - Passenger{name='passanger 1'} get on from  bus # 34
2017-04-09T12:08:40,159 [Thread-3] INFO vladlitvin.action.PassengerTransporter - Passenger{name='passanger 2'} get on from  bus # 24
2017-04-09T12:08:40,159 [Thread-4] INFO vladlitvin.action.PassengerTransporter - Passenger{name='passanger 3'} get on from  bus # 34
2017-04-09T12:08:40,159 [Thread-3] INFO vladlitvin.action.PassengerTransporter - Passenger{name='passanger 4'} get on from  bus # 24
2017-04-09T12:08:40,159 [Thread-4] INFO vladlitvin.action.PassengerTransporter - Passenger{name='passanger 5'} get on from  bus # 34
2017-04-09T12:08:40,159 [Thread-3] INFO vladlitvin.action.PassengerTransporter - Passenger{name='passanger 6'} get on from  bus # 24
2017-04-09T12:08:44,158 [Thread-1] INFO epam.vladlitvin.Station - автобус #53 Прибыл на остановку Зелёный луг-7
2017-04-09T12:08:44,158 [Thread-2] INFO epam.vladlitvin.Station - автобус №46Уехал с остановки Зелёный луг-7
2017-04-09T12:08:44,159 [Thread-4] INFO epam.vladlitvin.Station - автобус №34Уехал с остановки Зелёный луг-7
2017-04-09T12:08:44,159 [Thread-3] INFO epam.vladlitvin.Station - автобус №24Уехал с остановки Зелёный луг-7
2017-04-09T12:08:44,159 [Thread-5] INFO epam.vladlitvin.Station - автобус #33 Прибыл на остановку Зелёный луг-7
2017-04-09T12:08:45,158 [Thread-2] INFO epam.vladlitvin.Station - автобус #46 Прибыл на остановку Мирошниченко
2017-04-09T12:08:45,158 [Thread-1] INFO vladlitvin.action.PassengerTransporter - Passenger{name='passanger 7'} get on from  bus # 53
2017-04-09T12:08:45,158 [Thread-1] INFO vladlitvin.action.PassengerTransporter - Passenger{name='passanger 8'} get on from  bus # 53
2017-04-09T12:08:45,159 [Thread-3] INFO epam.vladlitvin.Station - автобус #24 Прибыл на остановку Мирошниченко
2017-04-09T12:08:45,159 [Thread-4] INFO epam.vladlitvin.Station - автобус #34 Прибыл на остановку Мирошниченко
2017-04-09T12:08:45,159 [Thread-5] INFO vladlitvin.action.PassengerTransporter - Passenger{name='passanger 9'} get on from  bus # 33
2017-04-09T12:08:45,159 [Thread-4] INFO vladlitvin.action.PassengerTransporter - Passenger{name='passanger 5'} get off from bus # 34
2017-04-09T12:08:45,159 [Thread-5] INFO vladlitvin.action.PassengerTransporter - Passenger{name='passanger 10'} get on from  bus # 33
2017-04-09T12:08:46,158 [Thread-2] INFO vladlitvin.action.PassengerTransporter - Passenger{name='passanger 11'} get on from  bus # 46
2017-04-09T12:08:46,159 [Thread-4] INFO vladlitvin.action.PassengerTransporter - Passenger{name='passanger 12'} get on from  bus # 34
2017-04-09T12:08:46,159 [Thread-3] INFO vladlitvin.action.PassengerTransporter - Passenger{name='passanger 12'} get on from  bus # 24
2017-04-09T12:08:49,159 [Thread-1] INFO epam.vladlitvin.Station - автобус №53Уехал с остановки Зелёный луг-7
2017-04-09T12:08:49,159 [Thread-5] INFO epam.vladlitvin.Station - автобус №33Уехал с остановки Зелёный луг-7
2017-04-09T12:08:50,158 [Thread-2] INFO epam.vladlitvin.Station - автобус №46Уехал с остановки Мирошниченко
2017-04-09T12:08:50,159 [Thread-3] INFO epam.vladlitvin.Station - автобус №24Уехал с остановки Мирошниченко
2017-04-09T12:08:50,159 [Thread-5] INFO epam.vladlitvin.Station - автобус #33 Прибыл на остановку Мирошниченко
2017-04-09T12:08:50,159 [Thread-1] INFO epam.vladlitvin.Station - автобус #53 Прибыл на остановку Мирошниченко
2017-04-09T12:08:50,159 [Thread-1] INFO vladlitvin.action.PassengerTransporter - Passenger{name='passanger 8'} get off from bus # 53
2017-04-09T12:08:50,159 [Thread-4] INFO epam.vladlitvin.Station - автобус №34Уехал с остановки Мирошниченко
2017-04-09T12:08:51,159 [Thread-2] INFO epam.vladlitvin.Station - автобус #46 Прибыл на остановку Цнянское водохранилище
2017-04-09T12:08:51,160 [Thread-5] INFO vladlitvin.action.PassengerTransporter - Passenger{name='passanger 13'} get on from  bus # 33
2017-04-09T12:08:51,160 [Thread-3] INFO epam.vladlitvin.Station - автобус #24 Прибыл на остановку Цнянское водохранилище
2017-04-09T12:08:51,160 [Thread-1] INFO vladlitvin.action.PassengerTransporter - Passenger{name='passanger 13'} get on from  bus # 53
2017-04-09T12:08:51,160 [Thread-4] INFO epam.vladlitvin.Station - автобус #34 Прибыл на остановку Цнянское водохранилище
2017-04-09T12:08:51,160 [Thread-5] INFO vladlitvin.action.PassengerTransporter - Passenger{name='passanger 14'} get on from  bus # 33
2017-04-09T12:08:51,160 [Thread-3] INFO vladlitvin.action.PassengerTransporter - Passenger{name='passanger 0'} get off from bus # 24
2017-04-09T12:08:51,160 [Thread-5] INFO vladlitvin.action.PassengerTransporter - Passenger{name='passanger 15'} get on from  bus # 33
2017-04-09T12:08:51,160 [Thread-3] INFO vladlitvin.action.PassengerTransporter - Passenger{name='passanger 4'} get off from bus # 24
2017-04-09T12:08:51,160 [Thread-3] INFO vladlitvin.action.PassengerTransporter - Passenger{name='passanger 2'} get off from bus # 24
2017-04-09T12:08:52,160 [Thread-2] INFO vladlitvin.action.PassengerTransporter - Passenger{name='passanger 16'} get on from  bus # 46
2017-04-09T12:08:52,160 [Thread-2] INFO vladlitvin.action.PassengerTransporter - Passenger{name='passanger 17'} get on from  bus # 46
2017-04-09T12:08:52,161 [Thread-3] INFO vladlitvin.action.PassengerTransporter - Passenger{name='passanger 18'} get on from  bus # 24
2017-04-09T12:08:52,161 [Thread-3] INFO vladlitvin.action.PassengerTransporter - Passenger{name='passanger 19'} get on from  bus # 24
2017-04-09T12:08:55,161 [Thread-1] INFO epam.vladlitvin.Station - автобус №53Уехал с остановки Мирошниченко
2017-04-09T12:08:55,161 [Thread-5] INFO epam.vladlitvin.Station - автобус №33Уехал с остановки Мирошниченко
2017-04-09T12:08:56,160 [Thread-2] INFO epam.vladlitvin.Station - автобус №46Уехал с остановки Цнянское водохранилище
2017-04-09T12:08:56,161 [Thread-3] INFO epam.vladlitvin.Station - автобус №24Уехал с остановки Цнянское водохранилище
2017-04-09T12:08:56,161 [Thread-4] INFO epam.vladlitvin.Station - автобус №34Уехал с остановки Цнянское водохранилище
2017-04-09T12:08:56,162 [Thread-1] INFO epam.vladlitvin.Station - автобус #53 Прибыл на остановку Цнянское водохранилище
2017-04-09T12:08:56,162 [Thread-5] INFO epam.vladlitvin.Station - автобус #33 Прибыл на остановку Цнянское водохранилище
2017-04-09T12:08:56,162 [Thread-1] INFO vladlitvin.action.PassengerTransporter - Passenger{name='passanger 13'} get off from bus # 53
2017-04-09T12:08:56,162 [Thread-5] INFO vladlitvin.action.PassengerTransporter - Passenger{name='passanger 13'} get off from bus # 33
2017-04-09T12:08:56,162 [Thread-5] INFO vladlitvin.action.PassengerTransporter - Passenger{name='passanger 10'} get off from bus # 33
2017-04-09T12:08:56,162 [Thread-5] INFO vladlitvin.action.PassengerTransporter - Passenger{name='passanger 9'} get off from bus # 33
2017-04-09T12:08:57,161 [Thread-2] INFO epam.vladlitvin.Station - автобус #46 Прибыл на остановку Гамарника
2017-04-09T12:08:57,161 [Thread-2] INFO vladlitvin.action.PassengerTransporter - Passenger{name='passanger 17'} get off from bus # 46
2017-04-09T12:08:57,162 [Thread-3] INFO epam.vladlitvin.Station - автобус #24 Прибыл на остановку Гамарника
2017-04-09T12:08:57,162 [Thread-4] INFO epam.vladlitvin.Station - автобус #34 Прибыл на остановку Гамарника
2017-04-09T12:08:57,162 [Thread-4] INFO vladlitvin.action.PassengerTransporter - Passenger{name='passanger 3'} get off from bus # 34
2017-04-09T12:08:57,163 [Thread-5] INFO vladlitvin.action.PassengerTransporter - Passenger{name='passanger 20'} get on from  bus # 33
2017-04-09T12:08:57,163 [Thread-5] INFO vladlitvin.action.PassengerTransporter - Passenger{name='passanger 21'} get on from  bus # 33
2017-04-09T12:08:58,162 [Thread-4] INFO vladlitvin.action.PassengerTransporter - Passenger{name='passanger 22'} get on from  bus # 34
2017-04-09T12:08:58,162 [Thread-4] INFO vladlitvin.action.PassengerTransporter - Passenger{name='passanger 23'} get on from  bus # 34
2017-04-09T12:09:01,163 [Thread-5] INFO epam.vladlitvin.Station - автобус №33Уехал с остановки Цнянское водохранилище
2017-04-09T12:09:01,163 [Thread-1] INFO epam.vladlitvin.Station - автобус №53Уехал с остановки Цнянское водохранилище
2017-04-09T12:09:02,161 [Thread-2] INFO epam.vladlitvin.Station - автобус №46Уехал с остановки Гамарника
2017-04-09T12:09:02,162 [Thread-3] INFO epam.vladlitvin.Station - автобус №24Уехал с остановки Гамарника
2017-04-09T12:09:02,162 [Thread-4] INFO epam.vladlitvin.Station - автобус №34Уехал с остановки Гамарника
2017-04-09T12:09:02,163 [Thread-5] INFO epam.vladlitvin.Station - автобус #33 Прибыл на остановку Гамарника
2017-04-09T12:09:02,163 [Thread-1] INFO epam.vladlitvin.Station - автобус #53 Прибыл на остановку Гамарника
2017-04-09T12:09:02,163 [Thread-5] INFO vladlitvin.action.PassengerTransporter - Passenger{name='passanger 20'} get off from bus # 33
2017-04-09T12:09:03,161 [Thread-2] INFO epam.vladlitvin.Station - автобус #46 Прибыл на остановку Кольцова
2017-04-09T12:09:03,162 [Thread-4] INFO epam.vladlitvin.Station - автобус #34 Прибыл на остановку Кольцова
2017-04-09T12:09:03,162 [Thread-3] INFO epam.vladlitvin.Station - автобус #24 Прибыл на остановку Кольцова
2017-04-09T12:09:03,162 [Thread-3] INFO vladlitvin.action.PassengerTransporter - Passenger{name='passanger 18'} get off from bus # 24
2017-04-09T12:09:03,163 [Thread-5] INFO vladlitvin.action.PassengerTransporter - Passenger{name='passanger 24'} get on from  bus # 33
2017-04-09T12:09:04,162 [Thread-2] INFO vladlitvin.action.PassengerTransporter - Passenger{name='passanger 25'} get on from  bus # 46
2017-04-09T12:09:04,162 [Thread-2] INFO vladlitvin.action.PassengerTransporter - Passenger{name='passanger 26'} get on from  bus # 46
2017-04-09T12:09:04,163 [Thread-4] INFO vladlitvin.action.PassengerTransporter - Passenger{name='passanger 27'} get on from  bus # 34
2017-04-09T12:09:07,164 [Thread-5] INFO epam.vladlitvin.Station - автобус №33Уехал с остановки Гамарника
2017-04-09T12:09:07,164 [Thread-1] INFO epam.vladlitvin.Station - автобус №53Уехал с остановки Гамарника
2017-04-09T12:09:08,162 [Thread-2] INFO epam.vladlitvin.Station - автобус №46Уехал с остановки Кольцова
2017-04-09T12:09:08,163 [Thread-3] INFO epam.vladlitvin.Station - автобус №24Уехал с остановки Кольцова
2017-04-09T12:09:08,163 [Thread-4] INFO epam.vladlitvin.Station - автобус №34Уехал с остановки Кольцова
2017-04-09T12:09:08,165 [Thread-5] INFO epam.vladlitvin.Station - автобус #33 Прибыл на остановку Кольцова
2017-04-09T12:09:08,165 [Thread-1] INFO epam.vladlitvin.Station - автобус #53 Прибыл на остановку Кольцова
2017-04-09T12:09:09,163 [Thread-3] INFO epam.vladlitvin.Station - автобус #24 Прибыл на остановку Никитино
2017-04-09T12:09:09,163 [Thread-4] INFO epam.vladlitvin.Station - автобус #34 Прибыл на остановку Никитино
2017-04-09T12:09:09,163 [Thread-2] INFO epam.vladlitvin.Station - автобус #46 Прибыл на остановку Никитино
2017-04-09T12:09:09,163 [Thread-4] INFO vladlitvin.action.PassengerTransporter - Passenger{name='passanger 22'} get off from bus # 34
2017-04-09T12:09:09,163 [Thread-2] INFO vladlitvin.action.PassengerTransporter - Passenger{name='passanger 26'} get off from bus # 46
2017-04-09T12:09:09,163 [Thread-2] INFO vladlitvin.action.PassengerTransporter - Passenger{name='passanger 25'} get off from bus # 46
2017-04-09T12:09:09,165 [Thread-1] INFO vladlitvin.action.PassengerTransporter - Passenger{name='passanger 28'} get on from  bus # 53
2017-04-09T12:09:09,165 [Thread-5] INFO vladlitvin.action.PassengerTransporter - Passenger{name='passanger 28'} get on from  bus # 33
2017-04-09T12:09:10,163 [Thread-4] INFO vladlitvin.action.PassengerTransporter - Passenger{name='passanger 29'} get on from  bus # 34
2017-04-09T12:09:10,163 [Thread-2] INFO vladlitvin.action.PassengerTransporter - Passenger{name='passanger 30'} get on from  bus # 46
2017-04-09T12:09:13,166 [Thread-1] INFO epam.vladlitvin.Station - автобус №53Уехал с остановки Кольцова
2017-04-09T12:09:13,166 [Thread-5] INFO epam.vladlitvin.Station - автобус №33Уехал с остановки Кольцова
2017-04-09T12:09:14,164 [Thread-2] INFO epam.vladlitvin.Station - автобус №46Уехал с остановки Никитино
2017-04-09T12:09:14,164 [Thread-4] INFO epam.vladlitvin.Station - автобус №34Уехал с остановки Никитино
2017-04-09T12:09:14,164 [Thread-3] INFO epam.vladlitvin.Station - автобус №24Уехал с остановки Никитино
2017-04-09T12:09:14,166 [Thread-1] INFO epam.vladlitvin.Station - автобус #53 Прибыл на остановку Никитино
2017-04-09T12:09:14,166 [Thread-5] INFO epam.vladlitvin.Station - автобус #33 Прибыл на остановку Никитино
2017-04-09T12:09:14,166 [Thread-1] INFO vladlitvin.action.PassengerTransporter - Passenger{name='passanger 7'} get off from bus # 53
2017-04-09T12:09:14,166 [Thread-5] INFO vladlitvin.action.PassengerTransporter - Passenger{name='passanger 24'} get off from bus # 33
2017-04-09T12:09:15,165 [Thread-4] INFO epam.vladlitvin.Bus - Автобус #34 закончил маршрут.
2017-04-09T12:09:15,165 [Thread-3] INFO epam.vladlitvin.Bus - Автобус #24 закончил маршрут.
2017-04-09T12:09:15,165 [Thread-2] INFO epam.vladlitvin.Bus - Автобус #46 закончил маршрут.
2017-04-09T12:09:15,167 [Thread-1] INFO vladlitvin.action.PassengerTransporter - Passenger{name='passanger 31'} get on from  bus # 53
2017-04-09T12:09:15,167 [Thread-1] INFO vladlitvin.action.PassengerTransporter - Passenger{name='passanger 32'} get on from  bus # 53
2017-04-09T12:09:15,167 [Thread-1] INFO vladlitvin.action.PassengerTransporter - Passenger{name='passanger 33'} get on from  bus # 53
2017-04-09T12:09:19,167 [Thread-5] INFO epam.vladlitvin.Station - автобус №33Уехал с остановки Никитино
2017-04-09T12:09:19,167 [Thread-1] INFO epam.vladlitvin.Station - автобус №53Уехал с остановки Никитино
2017-04-09T12:09:20,167 [Thread-1] INFO epam.vladlitvin.Bus - Автобус #53 закончил маршрут.
2017-04-09T12:09:20,167 [Thread-5] INFO epam.vladlitvin.Bus - Автобус #33 закончил маршрут.
2017-04-09T12:11:37,846 [Thread-5] INFO epam.vladlitvin.Bus - Автобус #33Начал движение по маршруту #Зелёный луг-7 -- Никитино
2017-04-09T12:11:37,846 [Thread-3] INFO epam.vladlitvin.Bus - Автобус #24Начал движение по маршруту #Зелёный луг-7 -- Никитино
2017-04-09T12:11:37,846 [Thread-1] INFO epam.vladlitvin.Bus - Автобус #53Начал движение по маршруту #Зелёный луг-7 -- Никитино
2017-04-09T12:11:37,846 [Thread-2] INFO epam.vladlitvin.Bus - Автобус #46Начал движение по маршруту #Зелёный луг-7 -- Никитино
2017-04-09T12:11:37,846 [Thread-4] INFO epam.vladlitvin.Bus - Автобус #34Начал движение по маршруту #Зелёный луг-7 -- Никитино
2017-04-09T12:11:37,865 [Thread-3] INFO epam.vladlitvin.Station - автобус #24 Прибыл на остановку Зелёный луг-7
2017-04-09T12:11:37,865 [Thread-4] INFO epam.vladlitvin.Station - автобус #34 Прибыл на остановку Зелёный луг-7
2017-04-09T12:11:37,865 [Thread-1] INFO epam.vladlitvin.Station - автобус #53 Прибыл на остановку Зелёный луг-7
2017-04-09T12:11:38,867 [Thread-3] INFO vladlitvin.action.PassengerTransporter - passanger 0 get on from  bus # 24
2017-04-09T12:11:38,867 [Thread-1] INFO vladlitvin.action.PassengerTransporter - passanger 1 get on from  bus # 53
2017-04-09T12:11:38,868 [Thread-3] INFO vladlitvin.action.PassengerTransporter - passanger 2 get on from  bus # 24
2017-04-09T12:11:38,868 [Thread-1] INFO vladlitvin.action.PassengerTransporter - passanger 3 get on from  bus # 53
2017-04-09T12:11:38,868 [Thread-3] INFO vladlitvin.action.PassengerTransporter - passanger 4 get on from  bus # 24
2017-04-09T12:11:38,868 [Thread-1] INFO vladlitvin.action.PassengerTransporter - passanger 5 get on from  bus # 53
2017-04-09T12:11:42,867 [Thread-4] INFO epam.vladlitvin.Station - автобус №34Уехал с остановки Зелёный луг-7
2017-04-09T12:11:42,867 [Thread-2] INFO epam.vladlitvin.Station - автобус #46 Прибыл на остановку Зелёный луг-7
2017-04-09T12:11:42,868 [Thread-1] INFO epam.vladlitvin.Station - автобус №53Уехал с остановки Зелёный луг-7
2017-04-09T12:11:42,868 [Thread-5] INFO epam.vladlitvin.Station - автобус #33 Прибыл на остановку Зелёный луг-7
2017-04-09T12:11:42,868 [Thread-3] INFO epam.vladlitvin.Station - автобус №24Уехал с остановки Зелёный луг-7
2017-04-09T12:11:43,868 [Thread-4] INFO epam.vladlitvin.Station - автобус #34 Прибыл на остановку Мирошниченко
2017-04-09T12:11:43,869 [Thread-3] INFO epam.vladlitvin.Station - автобус #24 Прибыл на остановку Мирошниченко
2017-04-09T12:11:43,869 [Thread-5] INFO vladlitvin.action.PassengerTransporter - passanger 6 get on from  bus # 33
2017-04-09T12:11:43,869 [Thread-1] INFO epam.vladlitvin.Station - автобус #53 Прибыл на остановку Мирошниченко
2017-04-09T12:11:43,869 [Thread-3] INFO vladlitvin.action.PassengerTransporter - passanger 4 get off from bus # 24
2017-04-09T12:11:43,869 [Thread-3] INFO vladlitvin.action.PassengerTransporter - passanger 2 get off from bus # 24
2017-04-09T12:11:44,869 [Thread-4] INFO vladlitvin.action.PassengerTransporter - passanger 7 get on from  bus # 34
2017-04-09T12:11:44,869 [Thread-4] INFO vladlitvin.action.PassengerTransporter - passanger 8 get on from  bus # 34
2017-04-09T12:11:44,870 [Thread-3] INFO vladlitvin.action.PassengerTransporter - passanger 9 get on from  bus # 24
2017-04-09T12:11:47,868 [Thread-2] INFO epam.vladlitvin.Station - автобус №46Уехал с остановки Зелёный луг-7
2017-04-09T12:11:47,869 [Thread-5] INFO epam.vladlitvin.Station - автобус №33Уехал с остановки Зелёный луг-7
2017-04-09T12:11:48,870 [Thread-2] INFO epam.vladlitvin.Station - автобус #46 Прибыл на остановку Мирошниченко
2017-04-09T12:11:48,870 [Thread-4] INFO epam.vladlitvin.Station - автобус №34Уехал с остановки Мирошниченко
2017-04-09T12:11:48,871 [Thread-3] INFO epam.vladlitvin.Station - автобус №24Уехал с остановки Мирошниченко
2017-04-09T12:11:48,871 [Thread-1] INFO epam.vladlitvin.Station - автобус №53Уехал с остановки Мирошниченко
2017-04-09T12:11:48,871 [Thread-5] INFO epam.vladlitvin.Station - автобус #33 Прибыл на остановку Мирошниченко
2017-04-09T12:11:49,871 [Thread-4] INFO epam.vladlitvin.Station - автобус #34 Прибыл на остановку Цнянское водохранилище
2017-04-09T12:11:49,872 [Thread-5] INFO vladlitvin.action.PassengerTransporter - passanger 10 get on from  bus # 33
2017-04-09T12:11:49,872 [Thread-1] INFO epam.vladlitvin.Station - автобус #53 Прибыл на остановку Цнянское водохранилище
2017-04-09T12:11:49,872 [Thread-1] INFO vladlitvin.action.PassengerTransporter - passanger 5 get off from bus # 53
2017-04-09T12:11:49,872 [Thread-5] INFO vladlitvin.action.PassengerTransporter - passanger 11 get on from  bus # 33
2017-04-09T12:11:49,872 [Thread-3] INFO epam.vladlitvin.Station - автобус #24 Прибыл на остановку Цнянское водохранилище
2017-04-09T12:11:50,872 [Thread-4] INFO vladlitvin.action.PassengerTransporter - passanger 12 get on from  bus # 34
2017-04-09T12:11:50,872 [Thread-4] INFO vladlitvin.action.PassengerTransporter - passanger 13 get on from  bus # 34
2017-04-09T12:11:50,873 [Thread-1] INFO vladlitvin.action.PassengerTransporter - passanger 14 get on from  bus # 53
2017-04-09T12:11:53,871 [Thread-2] INFO epam.vladlitvin.Station - автобус №46Уехал с остановки Мирошниченко
2017-04-09T12:11:53,872 [Thread-5] INFO epam.vladlitvin.Station - автобус №33Уехал с остановки Мирошниченко
2017-04-09T12:11:54,872 [Thread-4] INFO epam.vladlitvin.Station - автобус №34Уехал с остановки Цнянское водохранилище
2017-04-09T12:11:54,872 [Thread-2] INFO epam.vladlitvin.Station - автобус #46 Прибыл на остановку Цнянское водохранилище
2017-04-09T12:11:54,873 [Thread-1] INFO epam.vladlitvin.Station - автобус №53Уехал с остановки Цнянское водохранилище
2017-04-09T12:11:54,873 [Thread-3] INFO epam.vladlitvin.Station - автобус №24Уехал с остановки Цнянское водохранилище
2017-04-09T12:11:54,873 [Thread-5] INFO epam.vladlitvin.Station - автобус #33 Прибыл на остановку Цнянское водохранилище
2017-04-09T12:11:55,872 [Thread-2] INFO vladlitvin.action.PassengerTransporter - passanger 15 get on from  bus # 46
2017-04-09T12:11:55,872 [Thread-4] INFO epam.vladlitvin.Station - автобус #34 Прибыл на остановку Гамарника
2017-04-09T12:11:55,872 [Thread-4] INFO vladlitvin.action.PassengerTransporter - passanger 12 get off from bus # 34
2017-04-09T12:11:55,872 [Thread-2] INFO vladlitvin.action.PassengerTransporter - passanger 16 get on from  bus # 46
2017-04-09T12:11:55,873 [Thread-4] INFO vladlitvin.action.PassengerTransporter - passanger 8 get off from bus # 34
2017-04-09T12:11:55,873 [Thread-5] INFO vladlitvin.action.PassengerTransporter - passanger 17 get on from  bus # 33
2017-04-09T12:11:55,873 [Thread-1] INFO epam.vladlitvin.Station - автобус #53 Прибыл на остановку Гамарника
2017-04-09T12:11:55,873 [Thread-3] INFO epam.vladlitvin.Station - автобус #24 Прибыл на остановку Гамарника
2017-04-09T12:11:55,873 [Thread-1] INFO vladlitvin.action.PassengerTransporter - passanger 3 get off from bus # 53
2017-04-09T12:11:55,873 [Thread-3] INFO vladlitvin.action.PassengerTransporter - passanger 0 get off from bus # 24
2017-04-09T12:11:56,873 [Thread-4] INFO vladlitvin.action.PassengerTransporter - passanger 18 get on from  bus # 34
2017-04-09T12:11:56,873 [Thread-3] INFO vladlitvin.action.PassengerTransporter - passanger 19 get on from  bus # 24
2017-04-09T12:11:56,873 [Thread-1] INFO vladlitvin.action.PassengerTransporter - passanger 19 get on from  bus # 53
2017-04-09T12:11:56,873 [Thread-3] INFO vladlitvin.action.PassengerTransporter - passanger 20 get on from  bus # 24
2017-04-09T12:11:56,874 [Thread-3] INFO vladlitvin.action.PassengerTransporter - passanger 21 get on from  bus # 24
2017-04-09T12:11:59,874 [Thread-2] INFO epam.vladlitvin.Station - автобус №46Уехал с остановки Цнянское водохранилище
2017-04-09T12:11:59,874 [Thread-5] INFO epam.vladlitvin.Station - автобус №33Уехал с остановки Цнянское водохранилище
2017-04-09T12:12:00,873 [Thread-4] INFO epam.vladlitvin.Station - автобус №34Уехал с остановки Гамарника
2017-04-09T12:12:00,874 [Thread-5] INFO epam.vladlitvin.Station - автобус #33 Прибыл на остановку Гамарника
2017-04-09T12:12:00,874 [Thread-3] INFO epam.vladlitvin.Station - автобус №24Уехал с остановки Гамарника
2017-04-09T12:12:00,874 [Thread-1] INFO epam.vladlitvin.Station - автобус №53Уехал с остановки Гамарника
2017-04-09T12:12:00,874 [Thread-2] INFO epam.vladlitvin.Station - автобус #46 Прибыл на остановку Гамарника
2017-04-09T12:12:00,874 [Thread-5] INFO vladlitvin.action.PassengerTransporter - passanger 17 get off from bus # 33
2017-04-09T12:12:01,873 [Thread-4] INFO epam.vladlitvin.Station - автобус #34 Прибыл на остановку Кольцова
2017-04-09T12:12:01,873 [Thread-4] INFO vladlitvin.action.PassengerTransporter - passanger 7 get off from bus # 34
2017-04-09T12:12:01,874 [Thread-2] INFO vladlitvin.action.PassengerTransporter - passanger 22 get on from  bus # 46
2017-04-09T12:12:01,874 [Thread-1] INFO epam.vladlitvin.Station - автобус #53 Прибыл на остановку Кольцова
2017-04-09T12:12:01,874 [Thread-5] INFO vladlitvin.action.PassengerTransporter - passanger 22 get on from  bus # 33
2017-04-09T12:12:01,874 [Thread-3] INFO epam.vladlitvin.Station - автобус #24 Прибыл на остановку Кольцова
2017-04-09T12:12:02,874 [Thread-3] INFO vladlitvin.action.PassengerTransporter - passanger 23 get on from  bus # 24
2017-04-09T12:12:02,874 [Thread-1] INFO vladlitvin.action.PassengerTransporter - passanger 23 get on from  bus # 53
2017-04-09T12:12:02,874 [Thread-1] INFO vladlitvin.action.PassengerTransporter - passanger 24 get on from  bus # 53
2017-04-09T12:12:05,875 [Thread-5] INFO epam.vladlitvin.Station - автобус №33Уехал с остановки Гамарника
2017-04-09T12:12:05,875 [Thread-2] INFO epam.vladlitvin.Station - автобус №46Уехал с остановки Гамарника
2017-04-09T12:12:06,874 [Thread-4] INFO epam.vladlitvin.Station - автобус №34Уехал с остановки Кольцова
2017-04-09T12:12:06,875 [Thread-1] INFO epam.vladlitvin.Station - автобус №53Уехал с остановки Кольцова
2017-04-09T12:12:06,875 [Thread-3] INFO epam.vladlitvin.Station - автобус №24Уехал с остановки Кольцова
2017-04-09T12:12:06,876 [Thread-5] INFO epam.vladlitvin.Station - автобус #33 Прибыл на остановку Кольцова
2017-04-09T12:12:06,876 [Thread-2] INFO epam.vladlitvin.Station - автобус #46 Прибыл на остановку Кольцова
2017-04-09T12:12:06,876 [Thread-5] INFO vladlitvin.action.PassengerTransporter - passanger 22 get off from bus # 33
2017-04-09T12:12:07,874 [Thread-4] INFO epam.vladlitvin.Station - автобус #34 Прибыл на остановку Никитино
2017-04-09T12:12:07,875 [Thread-3] INFO epam.vladlitvin.Station - автобус #24 Прибыл на остановку Никитино
2017-04-09T12:12:07,875 [Thread-1] INFO epam.vladlitvin.Station - автобус #53 Прибыл на остановку Никитино
2017-04-09T12:12:07,875 [Thread-1] INFO vladlitvin.action.PassengerTransporter - passanger 23 get off from bus # 53
2017-04-09T12:12:07,876 [Thread-5] INFO vladlitvin.action.PassengerTransporter - passanger 25 get on from  bus # 33
2017-04-09T12:12:07,876 [Thread-2] INFO vladlitvin.action.PassengerTransporter - passanger 26 get on from  bus # 46
2017-04-09T12:12:08,875 [Thread-4] INFO vladlitvin.action.PassengerTransporter - passanger 27 get on from  bus # 34
2017-04-09T12:12:11,876 [Thread-2] INFO epam.vladlitvin.Station - автобус №46Уехал с остановки Кольцова
2017-04-09T12:12:11,876 [Thread-5] INFO epam.vladlitvin.Station - автобус №33Уехал с остановки Кольцова
2017-04-09T12:12:12,875 [Thread-4] INFO epam.vladlitvin.Station - автобус №34Уехал с остановки Никитино
2017-04-09T12:12:12,876 [Thread-3] INFO epam.vladlitvin.Station - автобус №24Уехал с остановки Никитино
2017-04-09T12:12:12,876 [Thread-1] INFO epam.vladlitvin.Station - автобус №53Уехал с остановки Никитино
2017-04-09T12:12:12,877 [Thread-2] INFO epam.vladlitvin.Station - автобус #46 Прибыл на остановку Никитино
2017-04-09T12:12:12,877 [Thread-5] INFO epam.vladlitvin.Station - автобус #33 Прибыл на остановку Никитино
2017-04-09T12:12:12,877 [Thread-2] INFO vladlitvin.action.PassengerTransporter - passanger 16 get off from bus # 46
2017-04-09T12:12:12,877 [Thread-5] INFO vladlitvin.action.PassengerTransporter - passanger 6 get off from bus # 33
2017-04-09T12:12:12,877 [Thread-2] INFO vladlitvin.action.PassengerTransporter - passanger 22 get off from bus # 46
2017-04-09T12:12:12,877 [Thread-5] INFO vladlitvin.action.PassengerTransporter - passanger 10 get off from bus # 33
2017-04-09T12:12:12,877 [Thread-2] INFO vladlitvin.action.PassengerTransporter - passanger 26 get off from bus # 46
2017-04-09T12:12:13,875 [Thread-4] INFO epam.vladlitvin.Bus - Автобус #34 закончил маршрут.
2017-04-09T12:12:13,876 [Thread-1] INFO epam.vladlitvin.Bus - Автобус #53 закончил маршрут.
2017-04-09T12:12:13,876 [Thread-3] INFO epam.vladlitvin.Bus - Автобус #24 закончил маршрут.
2017-04-09T12:12:13,877 [Thread-5] INFO vladlitvin.action.PassengerTransporter - passanger 28 get on from  bus # 33
2017-04-09T12:12:13,877 [Thread-2] INFO vladlitvin.action.PassengerTransporter - passanger 28 get on from  bus # 46
2017-04-09T12:12:13,877 [Thread-5] INFO vladlitvin.action.PassengerTransporter - passanger 29 get on from  bus # 33
2017-04-09T12:12:17,877 [Thread-2] INFO epam.vladlitvin.Station - автобус №46Уехал с остановки Никитино
2017-04-09T12:12:17,877 [Thread-5] INFO epam.vladlitvin.Station - автобус №33Уехал с остановки Никитино
2017-04-09T12:12:18,878 [Thread-2] INFO epam.vladlitvin.Bus - Автобус #46 закончил маршрут.
2017-04-09T12:12:18,878 [Thread-5] INFO epam.vladlitvin.Bus - Автобус #33 закончил маршрут.
2017-04-09T13:47:54,555 [Thread-4] INFO epam.vladlitvin.Bus - Bus № 34 Started move on rout: Зелёный луг-7 -- Никитино
2017-04-09T13:47:54,555 [Thread-5] INFO epam.vladlitvin.Bus - Bus № 33 Started move on rout: Зелёный луг-7 -- Никитино
2017-04-09T13:47:54,555 [Thread-2] INFO epam.vladlitvin.Bus - Bus № 46 Started move on rout: Зелёный луг-7 -- Никитино
2017-04-09T13:47:54,555 [Thread-3] INFO epam.vladlitvin.Bus - Bus № 24 Started move on rout: Зелёный луг-7 -- Никитино
2017-04-09T13:47:54,555 [Thread-1] INFO epam.vladlitvin.Bus - Bus № 53 Started move on rout: Зелёный луг-7 -- Никитино
2017-04-09T13:47:54,571 [Thread-3] INFO epam.vladlitvin.Station - Bus № 24 arrived at the station Зелёный луг-7
2017-04-09T13:47:54,571 [Thread-2] INFO epam.vladlitvin.Station - Bus № 46 arrived at the station Зелёный луг-7
2017-04-09T13:47:54,571 [Thread-4] INFO epam.vladlitvin.Station - Bus № 34 arrived at the station Зелёный луг-7
2017-04-09T13:47:55,572 [Thread-3] INFO vladlitvin.action.PassengerTransporter - passanger 1 get on from  bus № 24
2017-04-09T13:47:55,572 [Thread-2] INFO vladlitvin.action.PassengerTransporter - passanger 2 get on from  bus № 46
2017-04-09T13:47:55,572 [Thread-4] INFO vladlitvin.action.PassengerTransporter - passanger 0 get on from  bus № 34
